{"cells":[{"cell_type":"code","execution_count":1,"metadata":{"colab":{"base_uri":"https://localhost:8080/"},"executionInfo":{"elapsed":3443,"status":"ok","timestamp":1704371553004,"user":{"displayName":"Antonello Meloni","userId":"09336063038722863523"},"user_tz":-60},"id":"kQPiXgRnS66Q","outputId":"aef6f2bd-23eb-4fd5-b8e1-1d36cb2d54fd"},"outputs":[{"name":"stdout","output_type":"stream","text":["Mounted at /content/drive\n","/content/drive/MyDrive/mistral\n"]}],"source":["from google.colab import drive\n","drive.mount('/content/drive', force_remount=True)\n","%cd drive/MyDrive/mistral"]},{"cell_type":"code","execution_count":2,"metadata":{"colab":{"base_uri":"https://localhost:8080/"},"executionInfo":{"elapsed":77787,"status":"ok","timestamp":1704371635247,"user":{"displayName":"Antonello Meloni","userId":"09336063038722863523"},"user_tz":-60},"id":"5URp347LSvvh","outputId":"6adee6f3-6d27-4b45-946a-23fe66ba7546"},"outputs":[{"name":"stdout","output_type":"stream","text":["  Installing build dependencies ... \u001b[?25l\u001b[?25hdone\n","  Getting requirements to build wheel ... \u001b[?25l\u001b[?25hdone\n","  Preparing metadata (pyproject.toml) ... \u001b[?25l\u001b[?25hdone\n","  Building wheel for transformers (pyproject.toml) ... \u001b[?25l\u001b[?25hdone\n","  Installing build dependencies ... \u001b[?25l\u001b[?25hdone\n","  Getting requirements to build wheel ... \u001b[?25l\u001b[?25hdone\n","  Preparing metadata (pyproject.toml) ... \u001b[?25l\u001b[?25hdone\n","\u001b[2K     \u001b[90m━━━━━━━━━━━━━━━━━━━━━━━━━━━━━━━━━━━━━━━━\u001b[0m \u001b[32m265.7/265.7 kB\u001b[0m \u001b[31m5.2 MB/s\u001b[0m eta \u001b[36m0:00:00\u001b[0m\n","\u001b[?25h  Building wheel for peft (pyproject.toml) ... \u001b[?25l\u001b[?25hdone\n","  Installing build dependencies ... \u001b[?25l\u001b[?25hdone\n","  Getting requirements to build wheel ... \u001b[?25l\u001b[?25hdone\n","  Preparing metadata (pyproject.toml) ... \u001b[?25l\u001b[?25hdone\n","  Building wheel for accelerate (pyproject.toml) ... \u001b[?25l\u001b[?25hdone\n"]}],"source":["!pip install -q -U bitsandbytes\n","!pip install -q -U git+https://github.com/huggingface/transformers.git\n","!pip install -q -U git+https://github.com/huggingface/peft.git\n","!pip install -q -U git+https://github.com/huggingface/accelerate.git\n","!pip install -q -U datasets scipy # ipywidgets"]},{"cell_type":"code","execution_count":null,"metadata":{"id":"DaFypfMxS0nE"},"outputs":[],"source":["# from accelerate import FullyShardedDataParallelPlugin, Accelerator\n","# from torch.distributed.fsdp.fully_sharded_data_parallel import FullOptimStateDictConfig, FullStateDictConfig\n","\n","# fsdp_plugin = FullyShardedDataParallelPlugin(\n","#     state_dict_config=FullStateDictConfig(offload_to_cpu=True, rank0_only=False),\n","#     optim_state_dict_config=FullOptimStateDictConfig(offload_to_cpu=True, rank0_only=False),\n","# )\n","\n","# accelerator = Accelerator(fsdp_plugin=fsdp_plugin)"]},{"cell_type":"code","execution_count":3,"metadata":{"colab":{"base_uri":"https://localhost:8080/","height":280},"executionInfo":{"elapsed":35002,"status":"ok","timestamp":1704371670246,"user":{"displayName":"Antonello Meloni","userId":"09336063038722863523"},"user_tz":-60},"id":"noCEL-pTTAW3","outputId":"f0d4ea59-e62e-4c84-be7a-e4d0378e2349"},"outputs":[{"data":{"application/vnd.jupyter.widget-view+json":{"model_id":"b209a22b7ece4476a212e71ad02b63a9","version_major":2,"version_minor":0},"text/plain":["Downloading data:   0%|          | 0.00/199k [00:00\u003c?, ?B/s]"]},"metadata":{},"output_type":"display_data"},{"data":{"application/vnd.jupyter.widget-view+json":{"model_id":"4844dbd87baa469e8d44923d575d9e5e","version_major":2,"version_minor":0},"text/plain":["Downloading data:   0%|          | 0.00/35.9k [00:00\u003c?, ?B/s]"]},"metadata":{},"output_type":"display_data"},{"data":{"application/vnd.jupyter.widget-view+json":{"model_id":"c63c4386438848409c63a47b3bbb8ddf","version_major":2,"version_minor":0},"text/plain":["Downloading data:   0%|          | 0.00/62.3k [00:00\u003c?, ?B/s]"]},"metadata":{},"output_type":"display_data"},{"data":{"application/vnd.jupyter.widget-view+json":{"model_id":"ff0a9adc7a8744b598594c1201d07edd","version_major":2,"version_minor":0},"text/plain":["Generating train split:   0%|          | 0/1795 [00:00\u003c?, ? examples/s]"]},"metadata":{},"output_type":"display_data"},{"data":{"application/vnd.jupyter.widget-view+json":{"model_id":"5fc5e54080ef4438ad266380f673f71f","version_major":2,"version_minor":0},"text/plain":["Generating validation split:   0%|          | 0/257 [00:00\u003c?, ? examples/s]"]},"metadata":{},"output_type":"display_data"},{"data":{"application/vnd.jupyter.widget-view+json":{"model_id":"888ed1f526cb4082820ef4707633fd51","version_major":2,"version_minor":0},"text/plain":["Generating test split:   0%|          | 0/513 [00:00\u003c?, ? examples/s]"]},"metadata":{},"output_type":"display_data"},{"name":"stdout","output_type":"stream","text":["DatasetDict({\n","    train: Dataset({\n","        features: ['id', 'query_type', 'question', 'paraphrased_question', 'query', 'template_id', 'query_shape', 'query_class', 'auto_generated', 'number_of_patterns'],\n","        num_rows: 1795\n","    })\n","    validation: Dataset({\n","        features: ['id', 'query_type', 'question', 'paraphrased_question', 'query', 'template_id', 'query_shape', 'query_class', 'auto_generated', 'number_of_patterns'],\n","        num_rows: 257\n","    })\n","    test: Dataset({\n","        features: ['id', 'query_type', 'question', 'paraphrased_question', 'query', 'template_id', 'query_shape', 'query_class', 'auto_generated', 'number_of_patterns'],\n","        num_rows: 513\n","    })\n","})\n"]}],"source":["from datasets import load_dataset\n","raw_datasets = load_dataset(\"orkg/SciQA\")\n","print(raw_datasets)\n","\n","train_dataset = raw_datasets.get(\"train\")\n","eval_dataset = raw_datasets.get(\"validation\")\n","test_dataset = raw_datasets.get(\"test\")"]},{"cell_type":"code","execution_count":4,"metadata":{"colab":{"base_uri":"https://localhost:8080/","height":17},"executionInfo":{"elapsed":97255,"status":"ok","timestamp":1704371789747,"user":{"displayName":"Antonello Meloni","userId":"09336063038722863523"},"user_tz":-60},"id":"-S_PpYWLTjhK","outputId":"a63eb48d-07a7-4666-b2a1-a837d993baa8"},"outputs":[{"data":{"application/vnd.jupyter.widget-view+json":{"model_id":"1065b343956545abaa0ef356866fe31a","version_major":2,"version_minor":0},"text/plain":["config.json:   0%|          | 0.00/571 [00:00\u003c?, ?B/s]"]},"metadata":{},"output_type":"display_data"},{"data":{"application/vnd.jupyter.widget-view+json":{"model_id":"3b47196f52c449c98559d37afd9f1d9a","version_major":2,"version_minor":0},"text/plain":["model.safetensors.index.json:   0%|          | 0.00/25.1k [00:00\u003c?, ?B/s]"]},"metadata":{},"output_type":"display_data"},{"data":{"application/vnd.jupyter.widget-view+json":{"model_id":"74a3738cdd3d481388cdcc9f72833932","version_major":2,"version_minor":0},"text/plain":["Downloading shards:   0%|          | 0/2 [00:00\u003c?, ?it/s]"]},"metadata":{},"output_type":"display_data"},{"data":{"application/vnd.jupyter.widget-view+json":{"model_id":"0fa4ce70336b4bdfad10c527f07c98e0","version_major":2,"version_minor":0},"text/plain":["model-00001-of-00002.safetensors:   0%|          | 0.00/9.94G [00:00\u003c?, ?B/s]"]},"metadata":{},"output_type":"display_data"},{"data":{"application/vnd.jupyter.widget-view+json":{"model_id":"06ed7930dde341969e59a49cc606f32d","version_major":2,"version_minor":0},"text/plain":["model-00002-of-00002.safetensors:   0%|          | 0.00/4.54G [00:00\u003c?, ?B/s]"]},"metadata":{},"output_type":"display_data"},{"data":{"application/vnd.jupyter.widget-view+json":{"model_id":"a6785397af334fb790c7886472602195","version_major":2,"version_minor":0},"text/plain":["Loading checkpoint shards:   0%|          | 0/2 [00:00\u003c?, ?it/s]"]},"metadata":{},"output_type":"display_data"},{"data":{"application/vnd.jupyter.widget-view+json":{"model_id":"46141ded9fbd4811a02ba366a1785ab9","version_major":2,"version_minor":0},"text/plain":["generation_config.json:   0%|          | 0.00/116 [00:00\u003c?, ?B/s]"]},"metadata":{},"output_type":"display_data"}],"source":["import torch\n","from transformers import AutoTokenizer, AutoModelForCausalLM, BitsAndBytesConfig\n","\n","base_model_id = \"mistralai/Mistral-7B-v0.1\"\n","# base_model_id = \"mistralai/Mistral-7B-Instruct-v0.1\"\n","bnb_config = BitsAndBytesConfig(\n","    load_in_4bit=True,\n","    bnb_4bit_use_double_quant=True,\n","    bnb_4bit_quant_type=\"nf4\",\n","    bnb_4bit_compute_dtype=torch.bfloat16\n",")\n","\n","model = AutoModelForCausalLM.from_pretrained(base_model_id, quantization_config=bnb_config)"]},{"cell_type":"code","execution_count":14,"metadata":{"executionInfo":{"elapsed":2639,"status":"ok","timestamp":1704371947087,"user":{"displayName":"Antonello Meloni","userId":"09336063038722863523"},"user_tz":-60},"id":"Gexuhbn6T0hf"},"outputs":[],"source":["tokenizer = AutoTokenizer.from_pretrained(\n","    base_model_id,\n","    # model_max_length=512,\n","    padding_side=\"right\",\n","    add_eos_token=True)\n","\n","tokenizer.pad_token = tokenizer.eos_token"]},{"cell_type":"code","execution_count":15,"metadata":{"executionInfo":{"elapsed":408,"status":"ok","timestamp":1704371950342,"user":{"displayName":"Antonello Meloni","userId":"09336063038722863523"},"user_tz":-60},"id":"jmxIPQHhUEsX"},"outputs":[],"source":["def tokenize(prompt):\n","    result = tokenizer(\n","        prompt,\n","        truncation=True,\n","        max_length=512,\n","        padding=\"max_length\",\n","    )\n","    result[\"labels\"] = result[\"input_ids\"].copy()\n","    return result"]},{"cell_type":"code","execution_count":16,"metadata":{"executionInfo":{"elapsed":343,"status":"ok","timestamp":1704371954977,"user":{"displayName":"Antonello Meloni","userId":"09336063038722863523"},"user_tz":-60},"id":"Iuf6wppIVm9e"},"outputs":[],"source":["def clean(st):\n","    st = st.replace(\"\\n\", \" \")\n","    st = st.replace(\"?\", \" ?\")\n","    st = st.replace(\"{\", \" { \")\n","    st = st.replace(\"}\", \" } \")\n","    st = st.replace(\"\\\\'\", \"'\")\n","\n","    while \"  \" in st:\n","        st = st.replace(\"  \", \" \")\n","    return st\n","\n","def generate_and_tokenize_prompt(data_point):\n","    full_prompt = f'''Return a Sparql query for ORKG for the English text given in input.\n","    input (English text): {data_point['question']['string']}\n","    output (Sparql query): {clean(data_point['query']['sparql'])}\n","    '''\n","    # full_prompt = f'''\u003cs\u003e\u003cINST\u003eReturn a Sparql query for ORKG for the English text given in input.\n","    # input (English text): {data_point['question']['string']}\n","    # output (Sparql query):\u003c/INST\u003e {clean(data_point['query']['sparql'])}\u003c/s\u003e\n","    # '''\n","    return tokenize(full_prompt)"]},{"cell_type":"code","execution_count":17,"metadata":{"colab":{"base_uri":"https://localhost:8080/","height":17},"executionInfo":{"elapsed":3051,"status":"ok","timestamp":1704371961528,"user":{"displayName":"Antonello Meloni","userId":"09336063038722863523"},"user_tz":-60},"id":"hxHEShbtPVFf","outputId":"de402c1f-9d46-4876-f35c-cc76124e6158"},"outputs":[{"data":{"application/vnd.jupyter.widget-view+json":{"model_id":"8295456699004abcb38841a9b387dd9d","version_major":2,"version_minor":0},"text/plain":["Map:   0%|          | 0/1795 [00:00\u003c?, ? examples/s]"]},"metadata":{},"output_type":"display_data"},{"data":{"application/vnd.jupyter.widget-view+json":{"model_id":"907a3f6c3d8c4f9db6ec5c1b6209f13a","version_major":2,"version_minor":0},"text/plain":["Map:   0%|          | 0/257 [00:00\u003c?, ? examples/s]"]},"metadata":{},"output_type":"display_data"}],"source":["tokenized_train_dataset = train_dataset.map(generate_and_tokenize_prompt)\n","tokenized_val_dataset = eval_dataset.map(generate_and_tokenize_prompt)"]},{"cell_type":"code","execution_count":9,"metadata":{"colab":{"base_uri":"https://localhost:8080/"},"executionInfo":{"elapsed":3,"status":"ok","timestamp":1704371803082,"user":{"displayName":"Antonello Meloni","userId":"09336063038722863523"},"user_tz":-60},"id":"CuySxK-EPeLN","outputId":"fd7ecba5-d24d-47b6-e997-c2afc100275b"},"outputs":[{"name":"stdout","output_type":"stream","text":["[1, 4571, 264, 318, 1389, 2981, 5709, 354, 3994, 28796, 28777, 354, 272, 4300, 2245, 2078, 297, 2787, 28723, 13, 2287, 2787, 325, 27871, 2245, 1329, 2418, 368, 1274, 272, 4994, 369, 506, 750, 23001, 356, 272, 16572, 28741, 13466, 28804, 13, 2287, 3825, 325, 28735, 1389, 2981, 5709, 1329, 5820, 8785, 384, 8048, 775, 1386, 1550, 3549, 1550, 3549, 28730, 27949, 15803, 371, 1550, 18200, 264, 442, 8087, 28717, 28747, 23941, 28745, 408, 28715, 2547, 28747, 1559, 1550, 18200, 28730, 27949, 28723, 401, 2234, 4741, 325, 1042, 28732, 1550, 18200, 28730, 27949, 28731, 327, 345, 1998, 7824, 1243, 1550, 20986, 3325, 442, 8087, 28720, 28747, 27889, 28730, 7954, 4270, 1550, 18200, 28745, 442, 8087, 28720, 28747, 27889, 28730, 28749, 3668, 28779, 4866, 1550, 16039, 28723, 1550, 19521, 442, 8087, 28720, 28747, 27889, 28730, 28760, 1020, 2305, 27466, 1550, 20986, 3325, 28723, 28406, 1702, 1086, 371, 1550, 19521, 442, 8087, 28720, 28747, 27889, 28730, 7227, 28758, 1550, 3549, 28723, 1550, 3549, 408, 28715, 2547, 28747, 1559, 1550, 3549, 28730, 27949, 28723, 443, 443, 28705, 13, 260, 2]\n","177\n"]}],"source":["print(tokenized_train_dataset[4]['input_ids'])\n","print(len(tokenized_train_dataset[4]['input_ids']))"]},{"cell_type":"code","execution_count":10,"metadata":{"colab":{"base_uri":"https://localhost:8080/"},"executionInfo":{"elapsed":4,"status":"ok","timestamp":1704371803999,"user":{"displayName":"Antonello Meloni","userId":"09336063038722863523"},"user_tz":-60},"id":"0AmwVfwjQFwj","outputId":"0a6280d5-9113-4bdc-f87b-7965ce9301ad"},"outputs":[{"name":"stdout","output_type":"stream","text":["trainable params: 21260288 || all params: 3773331456 || trainable%: 0.5634354746703705\n","PeftModelForCausalLM(\n","  (base_model): LoraModel(\n","    (model): MistralForCausalLM(\n","      (model): MistralModel(\n","        (embed_tokens): Embedding(32000, 4096)\n","        (layers): ModuleList(\n","          (0-31): 32 x MistralDecoderLayer(\n","            (self_attn): MistralAttention(\n","              (q_proj): lora.Linear4bit(\n","                (base_layer): Linear4bit(in_features=4096, out_features=4096, bias=False)\n","                (lora_dropout): ModuleDict(\n","                  (default): Dropout(p=0.05, inplace=False)\n","                )\n","                (lora_A): ModuleDict(\n","                  (default): Linear(in_features=4096, out_features=8, bias=False)\n","                )\n","                (lora_B): ModuleDict(\n","                  (default): Linear(in_features=8, out_features=4096, bias=False)\n","                )\n","                (lora_embedding_A): ParameterDict()\n","                (lora_embedding_B): ParameterDict()\n","              )\n","              (k_proj): lora.Linear4bit(\n","                (base_layer): Linear4bit(in_features=4096, out_features=1024, bias=False)\n","                (lora_dropout): ModuleDict(\n","                  (default): Dropout(p=0.05, inplace=False)\n","                )\n","                (lora_A): ModuleDict(\n","                  (default): Linear(in_features=4096, out_features=8, bias=False)\n","                )\n","                (lora_B): ModuleDict(\n","                  (default): Linear(in_features=8, out_features=1024, bias=False)\n","                )\n","                (lora_embedding_A): ParameterDict()\n","                (lora_embedding_B): ParameterDict()\n","              )\n","              (v_proj): lora.Linear4bit(\n","                (base_layer): Linear4bit(in_features=4096, out_features=1024, bias=False)\n","                (lora_dropout): ModuleDict(\n","                  (default): Dropout(p=0.05, inplace=False)\n","                )\n","                (lora_A): ModuleDict(\n","                  (default): Linear(in_features=4096, out_features=8, bias=False)\n","                )\n","                (lora_B): ModuleDict(\n","                  (default): Linear(in_features=8, out_features=1024, bias=False)\n","                )\n","                (lora_embedding_A): ParameterDict()\n","                (lora_embedding_B): ParameterDict()\n","              )\n","              (o_proj): lora.Linear4bit(\n","                (base_layer): Linear4bit(in_features=4096, out_features=4096, bias=False)\n","                (lora_dropout): ModuleDict(\n","                  (default): Dropout(p=0.05, inplace=False)\n","                )\n","                (lora_A): ModuleDict(\n","                  (default): Linear(in_features=4096, out_features=8, bias=False)\n","                )\n","                (lora_B): ModuleDict(\n","                  (default): Linear(in_features=8, out_features=4096, bias=False)\n","                )\n","                (lora_embedding_A): ParameterDict()\n","                (lora_embedding_B): ParameterDict()\n","              )\n","              (rotary_emb): MistralRotaryEmbedding()\n","            )\n","            (mlp): MistralMLP(\n","              (gate_proj): lora.Linear4bit(\n","                (base_layer): Linear4bit(in_features=4096, out_features=14336, bias=False)\n","                (lora_dropout): ModuleDict(\n","                  (default): Dropout(p=0.05, inplace=False)\n","                )\n","                (lora_A): ModuleDict(\n","                  (default): Linear(in_features=4096, out_features=8, bias=False)\n","                )\n","                (lora_B): ModuleDict(\n","                  (default): Linear(in_features=8, out_features=14336, bias=False)\n","                )\n","                (lora_embedding_A): ParameterDict()\n","                (lora_embedding_B): ParameterDict()\n","              )\n","              (up_proj): lora.Linear4bit(\n","                (base_layer): Linear4bit(in_features=4096, out_features=14336, bias=False)\n","                (lora_dropout): ModuleDict(\n","                  (default): Dropout(p=0.05, inplace=False)\n","                )\n","                (lora_A): ModuleDict(\n","                  (default): Linear(in_features=4096, out_features=8, bias=False)\n","                )\n","                (lora_B): ModuleDict(\n","                  (default): Linear(in_features=8, out_features=14336, bias=False)\n","                )\n","                (lora_embedding_A): ParameterDict()\n","                (lora_embedding_B): ParameterDict()\n","              )\n","              (down_proj): lora.Linear4bit(\n","                (base_layer): Linear4bit(in_features=14336, out_features=4096, bias=False)\n","                (lora_dropout): ModuleDict(\n","                  (default): Dropout(p=0.05, inplace=False)\n","                )\n","                (lora_A): ModuleDict(\n","                  (default): Linear(in_features=14336, out_features=8, bias=False)\n","                )\n","                (lora_B): ModuleDict(\n","                  (default): Linear(in_features=8, out_features=4096, bias=False)\n","                )\n","                (lora_embedding_A): ParameterDict()\n","                (lora_embedding_B): ParameterDict()\n","              )\n","              (act_fn): SiLU()\n","            )\n","            (input_layernorm): MistralRMSNorm()\n","            (post_attention_layernorm): MistralRMSNorm()\n","          )\n","        )\n","        (norm): MistralRMSNorm()\n","      )\n","      (lm_head): lora.Linear(\n","        (base_layer): Linear(in_features=4096, out_features=32000, bias=False)\n","        (lora_dropout): ModuleDict(\n","          (default): Dropout(p=0.05, inplace=False)\n","        )\n","        (lora_A): ModuleDict(\n","          (default): Linear(in_features=4096, out_features=8, bias=False)\n","        )\n","        (lora_B): ModuleDict(\n","          (default): Linear(in_features=8, out_features=32000, bias=False)\n","        )\n","        (lora_embedding_A): ParameterDict()\n","        (lora_embedding_B): ParameterDict()\n","      )\n","    )\n","  )\n",")\n"]}],"source":["from peft import prepare_model_for_kbit_training\n","\n","model.gradient_checkpointing_enable()\n","model = prepare_model_for_kbit_training(model)\n","\n","def print_trainable_parameters(model):\n","    \"\"\"\n","    Prints the number of trainable parameters in the model.\n","    \"\"\"\n","    trainable_params = 0\n","    all_param = 0\n","    for _, param in model.named_parameters():\n","        all_param += param.numel()\n","        if param.requires_grad:\n","            trainable_params += param.numel()\n","    print(\n","        f\"trainable params: {trainable_params} || all params: {all_param} || trainable%: {100 * trainable_params / all_param}\"\n","    )\n","\n","    print(model)\n","\n","from peft import LoraConfig, get_peft_model\n","\n","config = LoraConfig(\n","    r=8,\n","    lora_alpha=16,\n","    target_modules=[\n","        \"q_proj\",\n","        \"k_proj\",\n","        \"v_proj\",\n","        \"o_proj\",\n","        \"gate_proj\",\n","        \"up_proj\",\n","        \"down_proj\",\n","        \"lm_head\",\n","    ],\n","    bias=\"none\",\n","    lora_dropout=0.05,  # Conventional\n","    task_type=\"CAUSAL_LM\",\n",")\n","\n","model = get_peft_model(model, config)\n","print_trainable_parameters(model)\n","\n","# Apply the accelerator. You can comment this out to remove the accelerator.\n","# model = accelerator.prepare_model(model)\n","\n"]},{"cell_type":"code","execution_count":null,"metadata":{"colab":{"background_save":true,"base_uri":"https://localhost:8080/","height":1000},"id":"riK1W7cFQc91"},"outputs":[{"name":"stderr","output_type":"stream","text":["/usr/local/lib/python3.10/dist-packages/torch/utils/checkpoint.py:429: UserWarning: torch.utils.checkpoint: please pass in use_reentrant=True or use_reentrant=False explicitly. The default value of use_reentrant will be updated to be False in the future. To maintain current behavior, pass use_reentrant=True. It is recommended that you use use_reentrant=False. Refer to docs for more details on the differences between the two variants.\n","  warnings.warn(\n"]},{"data":{"text/html":["\n","    \u003cdiv\u003e\n","      \n","      \u003cprogress value='451' max='750' style='width:300px; height:20px; vertical-align: middle;'\u003e\u003c/progress\u003e\n","      [451/750 4:01:08 \u003c 2:40:35, 0.03 it/s, Epoch 4.01/7]\n","    \u003c/div\u003e\n","    \u003ctable border=\"1\" class=\"dataframe\"\u003e\n","  \u003cthead\u003e\n"," \u003ctr style=\"text-align: left;\"\u003e\n","      \u003cth\u003eStep\u003c/th\u003e\n","      \u003cth\u003eTraining Loss\u003c/th\u003e\n","      \u003cth\u003eValidation Loss\u003c/th\u003e\n","    \u003c/tr\u003e\n","  \u003c/thead\u003e\n","  \u003ctbody\u003e\n","    \u003ctr\u003e\n","      \u003ctd\u003e50\u003c/td\u003e\n","      \u003ctd\u003e0.377900\u003c/td\u003e\n","      \u003ctd\u003e0.185541\u003c/td\u003e\n","    \u003c/tr\u003e\n","    \u003ctr\u003e\n","      \u003ctd\u003e100\u003c/td\u003e\n","      \u003ctd\u003e0.155400\u003c/td\u003e\n","      \u003ctd\u003e0.150720\u003c/td\u003e\n","    \u003c/tr\u003e\n","    \u003ctr\u003e\n","      \u003ctd\u003e150\u003c/td\u003e\n","      \u003ctd\u003e0.119300\u003c/td\u003e\n","      \u003ctd\u003e0.139292\u003c/td\u003e\n","    \u003c/tr\u003e\n","    \u003ctr\u003e\n","      \u003ctd\u003e200\u003c/td\u003e\n","      \u003ctd\u003e0.101600\u003c/td\u003e\n","      \u003ctd\u003e0.126098\u003c/td\u003e\n","    \u003c/tr\u003e\n","    \u003ctr\u003e\n","      \u003ctd\u003e250\u003c/td\u003e\n","      \u003ctd\u003e0.091500\u003c/td\u003e\n","      \u003ctd\u003e0.131813\u003c/td\u003e\n","    \u003c/tr\u003e\n","    \u003ctr\u003e\n","      \u003ctd\u003e300\u003c/td\u003e\n","      \u003ctd\u003e0.081200\u003c/td\u003e\n","      \u003ctd\u003e0.112743\u003c/td\u003e\n","    \u003c/tr\u003e\n","    \u003ctr\u003e\n","      \u003ctd\u003e350\u003c/td\u003e\n","      \u003ctd\u003e0.082800\u003c/td\u003e\n","      \u003ctd\u003e0.114332\u003c/td\u003e\n","    \u003c/tr\u003e\n","    \u003ctr\u003e\n","      \u003ctd\u003e400\u003c/td\u003e\n","      \u003ctd\u003e0.067200\u003c/td\u003e\n","      \u003ctd\u003e0.110196\u003c/td\u003e\n","    \u003c/tr\u003e\n","  \u003c/tbody\u003e\n","\u003c/table\u003e\u003cp\u003e"],"text/plain":["\u003cIPython.core.display.HTML object\u003e"]},"metadata":{},"output_type":"display_data"},{"name":"stderr","output_type":"stream","text":["/usr/local/lib/python3.10/dist-packages/peft/utils/save_and_load.py:131: UserWarning: Setting `save_embedding_layers` to `True` as embedding layers found in `target_modules`.\n","  warnings.warn(\"Setting `save_embedding_layers` to `True` as embedding layers found in `target_modules`.\")\n","/usr/local/lib/python3.10/dist-packages/torch/utils/checkpoint.py:429: UserWarning: torch.utils.checkpoint: please pass in use_reentrant=True or use_reentrant=False explicitly. The default value of use_reentrant will be updated to be False in the future. To maintain current behavior, pass use_reentrant=True. It is recommended that you use use_reentrant=False. Refer to docs for more details on the differences between the two variants.\n","  warnings.warn(\n","/usr/local/lib/python3.10/dist-packages/peft/utils/save_and_load.py:131: UserWarning: Setting `save_embedding_layers` to `True` as embedding layers found in `target_modules`.\n","  warnings.warn(\"Setting `save_embedding_layers` to `True` as embedding layers found in `target_modules`.\")\n","/usr/local/lib/python3.10/dist-packages/torch/utils/checkpoint.py:429: UserWarning: torch.utils.checkpoint: please pass in use_reentrant=True or use_reentrant=False explicitly. The default value of use_reentrant will be updated to be False in the future. To maintain current behavior, pass use_reentrant=True. It is recommended that you use use_reentrant=False. Refer to docs for more details on the differences between the two variants.\n","  warnings.warn(\n","/usr/local/lib/python3.10/dist-packages/peft/utils/save_and_load.py:131: UserWarning: Setting `save_embedding_layers` to `True` as embedding layers found in `target_modules`.\n","  warnings.warn(\"Setting `save_embedding_layers` to `True` as embedding layers found in `target_modules`.\")\n","/usr/local/lib/python3.10/dist-packages/torch/utils/checkpoint.py:429: UserWarning: torch.utils.checkpoint: please pass in use_reentrant=True or use_reentrant=False explicitly. The default value of use_reentrant will be updated to be False in the future. To maintain current behavior, pass use_reentrant=True. It is recommended that you use use_reentrant=False. Refer to docs for more details on the differences between the two variants.\n","  warnings.warn(\n","/usr/local/lib/python3.10/dist-packages/peft/utils/save_and_load.py:131: UserWarning: Setting `save_embedding_layers` to `True` as embedding layers found in `target_modules`.\n","  warnings.warn(\"Setting `save_embedding_layers` to `True` as embedding layers found in `target_modules`.\")\n","/usr/local/lib/python3.10/dist-packages/torch/utils/checkpoint.py:429: UserWarning: torch.utils.checkpoint: please pass in use_reentrant=True or use_reentrant=False explicitly. The default value of use_reentrant will be updated to be False in the future. To maintain current behavior, pass use_reentrant=True. It is recommended that you use use_reentrant=False. Refer to docs for more details on the differences between the two variants.\n","  warnings.warn(\n","/usr/local/lib/python3.10/dist-packages/peft/utils/save_and_load.py:131: UserWarning: Setting `save_embedding_layers` to `True` as embedding layers found in `target_modules`.\n","  warnings.warn(\"Setting `save_embedding_layers` to `True` as embedding layers found in `target_modules`.\")\n","/usr/local/lib/python3.10/dist-packages/torch/utils/checkpoint.py:429: UserWarning: torch.utils.checkpoint: please pass in use_reentrant=True or use_reentrant=False explicitly. The default value of use_reentrant will be updated to be False in the future. To maintain current behavior, pass use_reentrant=True. It is recommended that you use use_reentrant=False. Refer to docs for more details on the differences between the two variants.\n","  warnings.warn(\n","/usr/local/lib/python3.10/dist-packages/peft/utils/save_and_load.py:131: UserWarning: Setting `save_embedding_layers` to `True` as embedding layers found in `target_modules`.\n","  warnings.warn(\"Setting `save_embedding_layers` to `True` as embedding layers found in `target_modules`.\")\n","/usr/local/lib/python3.10/dist-packages/torch/utils/checkpoint.py:429: UserWarning: torch.utils.checkpoint: please pass in use_reentrant=True or use_reentrant=False explicitly. The default value of use_reentrant will be updated to be False in the future. To maintain current behavior, pass use_reentrant=True. It is recommended that you use use_reentrant=False. Refer to docs for more details on the differences between the two variants.\n","  warnings.warn(\n","/usr/local/lib/python3.10/dist-packages/peft/utils/save_and_load.py:131: UserWarning: Setting `save_embedding_layers` to `True` as embedding layers found in `target_modules`.\n","  warnings.warn(\"Setting `save_embedding_layers` to `True` as embedding layers found in `target_modules`.\")\n","/usr/local/lib/python3.10/dist-packages/torch/utils/checkpoint.py:429: UserWarning: torch.utils.checkpoint: please pass in use_reentrant=True or use_reentrant=False explicitly. The default value of use_reentrant will be updated to be False in the future. To maintain current behavior, pass use_reentrant=True. It is recommended that you use use_reentrant=False. Refer to docs for more details on the differences between the two variants.\n","  warnings.warn(\n","/usr/local/lib/python3.10/dist-packages/peft/utils/save_and_load.py:131: UserWarning: Setting `save_embedding_layers` to `True` as embedding layers found in `target_modules`.\n","  warnings.warn(\"Setting `save_embedding_layers` to `True` as embedding layers found in `target_modules`.\")\n","/usr/local/lib/python3.10/dist-packages/torch/utils/checkpoint.py:429: UserWarning: torch.utils.checkpoint: please pass in use_reentrant=True or use_reentrant=False explicitly. The default value of use_reentrant will be updated to be False in the future. To maintain current behavior, pass use_reentrant=True. It is recommended that you use use_reentrant=False. Refer to docs for more details on the differences between the two variants.\n","  warnings.warn(\n","ERROR:root:Internal Python error in the inspect module.\n","Below is the traceback from this internal error.\n","\n","ERROR:root:Internal Python error in the inspect module.\n","Below is the traceback from this internal error.\n","\n","ERROR:root:Internal Python error in the inspect module.\n","Below is the traceback from this internal error.\n","\n"]},{"name":"stdout","output_type":"stream","text":["Traceback (most recent call last):\n","  File \"/usr/local/lib/python3.10/dist-packages/IPython/core/interactiveshell.py\", line 3553, in run_code\n","    exec(code_obj, self.user_global_ns, self.user_ns)\n","  File \"\u003cipython-input-18-558c008f06db\u003e\", line 43, in \u003ccell line: 43\u003e\n","    trainer.train()\n","  File \"/usr/local/lib/python3.10/dist-packages/transformers/trainer.py\", line 1543, in train\n","    return inner_training_loop(\n","  File \"/usr/local/lib/python3.10/dist-packages/transformers/trainer.py\", line 1920, in _inner_training_loop\n","    self._maybe_log_save_evaluate(tr_loss, model, trial, epoch, ignore_keys_for_eval)\n","  File \"/usr/local/lib/python3.10/dist-packages/transformers/trainer.py\", line 2260, in _maybe_log_save_evaluate\n","    self.log(logs)\n","  File \"/usr/local/lib/python3.10/dist-packages/transformers/trainer.py\", line 2657, in log\n","    self.control = self.callback_handler.on_log(self.args, self.state, self.control, logs)\n","  File \"/usr/local/lib/python3.10/dist-packages/transformers/trainer_callback.py\", line 407, in on_log\n","    return self.call_event(\"on_log\", args, state, control, logs=logs)\n","  File \"/usr/local/lib/python3.10/dist-packages/transformers/trainer_callback.py\", line 414, in call_event\n","    result = getattr(callback, event)(\n","  File \"/usr/local/lib/python3.10/dist-packages/transformers/integrations/integration_utils.py\", line 657, in on_log\n","    self.tb_writer.flush()\n","  File \"/usr/local/lib/python3.10/dist-packages/torch/utils/tensorboard/writer.py\", line 1233, in flush\n","    writer.flush()\n","  File \"/usr/local/lib/python3.10/dist-packages/torch/utils/tensorboard/writer.py\", line 146, in flush\n","    self.event_writer.flush()\n","  File \"/usr/local/lib/python3.10/dist-packages/tensorboard/summary/writer/event_file_writer.py\", line 125, in flush\n","    self._async_writer.flush()\n","  File \"/usr/local/lib/python3.10/dist-packages/tensorboard/summary/writer/event_file_writer.py\", line 190, in flush\n","    self._writer.flush()\n","  File \"/usr/local/lib/python3.10/dist-packages/tensorboard/summary/writer/record_writer.py\", line 43, in flush\n","    self._writer.flush()\n","  File \"/usr/local/lib/python3.10/dist-packages/tensorflow/python/lib/io/file_io.py\", line 221, in flush\n","    self._writable_file.flush()\n","tensorflow.python.framework.errors_impl.FailedPreconditionError: logs/events.out.tfevents.1704371965.4dbea1fb3ebf.3288.2; Transport endpoint is not connected\n","\n","During handling of the above exception, another exception occurred:\n","\n","Traceback (most recent call last):\n","  File \"/usr/local/lib/python3.10/dist-packages/IPython/core/interactiveshell.py\", line 2099, in showtraceback\n","    stb = value._render_traceback_()\n","AttributeError: 'FailedPreconditionError' object has no attribute '_render_traceback_'\n","\n","During handling of the above exception, another exception occurred:\n","\n","Traceback (most recent call last):\n","  File \"/usr/local/lib/python3.10/dist-packages/IPython/core/ultratb.py\", line 1101, in get_records\n","    return _fixed_getinnerframes(etb, number_of_lines_of_context, tb_offset)\n","  File \"/usr/local/lib/python3.10/dist-packages/IPython/core/ultratb.py\", line 248, in wrapped\n","    return f(*args, **kwargs)\n","  File \"/usr/local/lib/python3.10/dist-packages/IPython/core/ultratb.py\", line 281, in _fixed_getinnerframes\n","    records = fix_frame_records_filenames(inspect.getinnerframes(etb, context))\n","  File \"/usr/lib/python3.10/inspect.py\", line 1662, in getinnerframes\n","    frameinfo = (tb.tb_frame,) + getframeinfo(tb, context)\n","  File \"/usr/lib/python3.10/inspect.py\", line 1620, in getframeinfo\n","    filename = getsourcefile(frame) or getfile(frame)\n","  File \"/usr/lib/python3.10/inspect.py\", line 829, in getsourcefile\n","    module = getmodule(object, filename)\n","  File \"/usr/lib/python3.10/inspect.py\", line 861, in getmodule\n","    file = getabsfile(object, _filename)\n","  File \"/usr/lib/python3.10/inspect.py\", line 845, in getabsfile\n","    return os.path.normcase(os.path.abspath(_filename))\n","  File \"/usr/lib/python3.10/posixpath.py\", line 384, in abspath\n","    cwd = os.getcwd()\n","OSError: [Errno 107] Transport endpoint is not connected\n","Traceback (most recent call last):\n","  File \"/usr/local/lib/python3.10/dist-packages/IPython/core/interactiveshell.py\", line 3553, in run_code\n","    exec(code_obj, self.user_global_ns, self.user_ns)\n","  File \"\u003cipython-input-18-558c008f06db\u003e\", line 43, in \u003ccell line: 43\u003e\n","    trainer.train()\n","  File \"/usr/local/lib/python3.10/dist-packages/transformers/trainer.py\", line 1543, in train\n","    return inner_training_loop(\n","  File \"/usr/local/lib/python3.10/dist-packages/transformers/trainer.py\", line 1920, in _inner_training_loop\n","    self._maybe_log_save_evaluate(tr_loss, model, trial, epoch, ignore_keys_for_eval)\n","  File \"/usr/local/lib/python3.10/dist-packages/transformers/trainer.py\", line 2260, in _maybe_log_save_evaluate\n","    self.log(logs)\n","  File \"/usr/local/lib/python3.10/dist-packages/transformers/trainer.py\", line 2657, in log\n","    self.control = self.callback_handler.on_log(self.args, self.state, self.control, logs)\n","  File \"/usr/local/lib/python3.10/dist-packages/transformers/trainer_callback.py\", line 407, in on_log\n","    return self.call_event(\"on_log\", args, state, control, logs=logs)\n","  File \"/usr/local/lib/python3.10/dist-packages/transformers/trainer_callback.py\", line 414, in call_event\n","    result = getattr(callback, event)(\n","  File \"/usr/local/lib/python3.10/dist-packages/transformers/integrations/integration_utils.py\", line 657, in on_log\n","    self.tb_writer.flush()\n","  File \"/usr/local/lib/python3.10/dist-packages/torch/utils/tensorboard/writer.py\", line 1233, in flush\n","    writer.flush()\n","  File \"/usr/local/lib/python3.10/dist-packages/torch/utils/tensorboard/writer.py\", line 146, in flush\n","    self.event_writer.flush()\n","  File \"/usr/local/lib/python3.10/dist-packages/tensorboard/summary/writer/event_file_writer.py\", line 125, in flush\n","    self._async_writer.flush()\n","  File \"/usr/local/lib/python3.10/dist-packages/tensorboard/summary/writer/event_file_writer.py\", line 190, in flush\n","    self._writer.flush()\n","  File \"/usr/local/lib/python3.10/dist-packages/tensorboard/summary/writer/record_writer.py\", line 43, in flush\n","    self._writer.flush()\n","  File \"/usr/local/lib/python3.10/dist-packages/tensorflow/python/lib/io/file_io.py\", line 221, in flush\n","    self._writable_file.flush()\n","tensorflow.python.framework.errors_impl.FailedPreconditionError: logs/events.out.tfevents.1704371965.4dbea1fb3ebf.3288.2; Transport endpoint is not connected\n","\n","During handling of the above exception, another exception occurred:\n","\n","Traceback (most recent call last):\n","  File \"/usr/local/lib/python3.10/dist-packages/IPython/core/interactiveshell.py\", line 2099, in showtraceback\n","    stb = value._render_traceback_()\n","AttributeError: 'FailedPreconditionError' object has no attribute '_render_traceback_'\n","\n","During handling of the above exception, another exception occurred:\n","\n","Traceback (most recent call last):\n","  File \"/usr/local/lib/python3.10/dist-packages/IPython/core/interactiveshell.py\", line 3473, in run_ast_nodes\n","    if (await self.run_code(code, result,  async_=asy)):\n","  File \"/usr/local/lib/python3.10/dist-packages/IPython/core/interactiveshell.py\", line 3575, in run_code\n","    self.showtraceback(running_compiled_code=True)\n","  File \"/usr/local/lib/python3.10/dist-packages/IPython/core/interactiveshell.py\", line 2101, in showtraceback\n","    stb = self.InteractiveTB.structured_traceback(etype,\n","  File \"/usr/local/lib/python3.10/dist-packages/IPython/core/ultratb.py\", line 1367, in structured_traceback\n","    return FormattedTB.structured_traceback(\n","  File \"/usr/local/lib/python3.10/dist-packages/IPython/core/ultratb.py\", line 1267, in structured_traceback\n","    return VerboseTB.structured_traceback(\n","  File \"/usr/local/lib/python3.10/dist-packages/IPython/core/ultratb.py\", line 1124, in structured_traceback\n","    formatted_exception = self.format_exception_as_a_whole(etype, evalue, etb, number_of_lines_of_context,\n","  File \"/usr/local/lib/python3.10/dist-packages/IPython/core/ultratb.py\", line 1082, in format_exception_as_a_whole\n","    last_unique, recursion_repeat = find_recursion(orig_etype, evalue, records)\n","  File \"/usr/local/lib/python3.10/dist-packages/IPython/core/ultratb.py\", line 382, in find_recursion\n","    return len(records), 0\n","TypeError: object of type 'NoneType' has no len()\n","\n","During handling of the above exception, another exception occurred:\n","\n","Traceback (most recent call last):\n","  File \"/usr/local/lib/python3.10/dist-packages/IPython/core/interactiveshell.py\", line 2099, in showtraceback\n","    stb = value._render_traceback_()\n","AttributeError: 'TypeError' object has no attribute '_render_traceback_'\n","\n","During handling of the above exception, another exception occurred:\n","\n","Traceback (most recent call last):\n","  File \"/usr/local/lib/python3.10/dist-packages/IPython/core/ultratb.py\", line 1101, in get_records\n","    return _fixed_getinnerframes(etb, number_of_lines_of_context, tb_offset)\n","  File \"/usr/local/lib/python3.10/dist-packages/IPython/core/ultratb.py\", line 248, in wrapped\n","    return f(*args, **kwargs)\n","  File \"/usr/local/lib/python3.10/dist-packages/IPython/core/ultratb.py\", line 281, in _fixed_getinnerframes\n","    records = fix_frame_records_filenames(inspect.getinnerframes(etb, context))\n","  File \"/usr/lib/python3.10/inspect.py\", line 1662, in getinnerframes\n","    frameinfo = (tb.tb_frame,) + getframeinfo(tb, context)\n","  File \"/usr/lib/python3.10/inspect.py\", line 1620, in getframeinfo\n","    filename = getsourcefile(frame) or getfile(frame)\n","  File \"/usr/lib/python3.10/inspect.py\", line 829, in getsourcefile\n","    module = getmodule(object, filename)\n","  File \"/usr/lib/python3.10/inspect.py\", line 861, in getmodule\n","    file = getabsfile(object, _filename)\n","  File \"/usr/lib/python3.10/inspect.py\", line 845, in getabsfile\n","    return os.path.normcase(os.path.abspath(_filename))\n","  File \"/usr/lib/python3.10/posixpath.py\", line 384, in abspath\n","    cwd = os.getcwd()\n","OSError: [Errno 107] Transport endpoint is not connected\n","Traceback (most recent call last):\n","  File \"/usr/local/lib/python3.10/dist-packages/IPython/core/interactiveshell.py\", line 3553, in run_code\n","    exec(code_obj, self.user_global_ns, self.user_ns)\n","  File \"\u003cipython-input-18-558c008f06db\u003e\", line 43, in \u003ccell line: 43\u003e\n","    trainer.train()\n","  File \"/usr/local/lib/python3.10/dist-packages/transformers/trainer.py\", line 1543, in train\n","    return inner_training_loop(\n","  File \"/usr/local/lib/python3.10/dist-packages/transformers/trainer.py\", line 1920, in _inner_training_loop\n","    self._maybe_log_save_evaluate(tr_loss, model, trial, epoch, ignore_keys_for_eval)\n","  File \"/usr/local/lib/python3.10/dist-packages/transformers/trainer.py\", line 2260, in _maybe_log_save_evaluate\n","    self.log(logs)\n","  File \"/usr/local/lib/python3.10/dist-packages/transformers/trainer.py\", line 2657, in log\n","    self.control = self.callback_handler.on_log(self.args, self.state, self.control, logs)\n","  File \"/usr/local/lib/python3.10/dist-packages/transformers/trainer_callback.py\", line 407, in on_log\n","    return self.call_event(\"on_log\", args, state, control, logs=logs)\n","  File \"/usr/local/lib/python3.10/dist-packages/transformers/trainer_callback.py\", line 414, in call_event\n","    result = getattr(callback, event)(\n","  File \"/usr/local/lib/python3.10/dist-packages/transformers/integrations/integration_utils.py\", line 657, in on_log\n","    self.tb_writer.flush()\n","  File \"/usr/local/lib/python3.10/dist-packages/torch/utils/tensorboard/writer.py\", line 1233, in flush\n","    writer.flush()\n","  File \"/usr/local/lib/python3.10/dist-packages/torch/utils/tensorboard/writer.py\", line 146, in flush\n","    self.event_writer.flush()\n","  File \"/usr/local/lib/python3.10/dist-packages/tensorboard/summary/writer/event_file_writer.py\", line 125, in flush\n","    self._async_writer.flush()\n","  File \"/usr/local/lib/python3.10/dist-packages/tensorboard/summary/writer/event_file_writer.py\", line 190, in flush\n","    self._writer.flush()\n","  File \"/usr/local/lib/python3.10/dist-packages/tensorboard/summary/writer/record_writer.py\", line 43, in flush\n","    self._writer.flush()\n","  File \"/usr/local/lib/python3.10/dist-packages/tensorflow/python/lib/io/file_io.py\", line 221, in flush\n","    self._writable_file.flush()\n","tensorflow.python.framework.errors_impl.FailedPreconditionError: logs/events.out.tfevents.1704371965.4dbea1fb3ebf.3288.2; Transport endpoint is not connected\n","\n","During handling of the above exception, another exception occurred:\n","\n","Traceback (most recent call last):\n","  File \"/usr/local/lib/python3.10/dist-packages/IPython/core/interactiveshell.py\", line 2099, in showtraceback\n","    stb = value._render_traceback_()\n","AttributeError: 'FailedPreconditionError' object has no attribute '_render_traceback_'\n","\n","During handling of the above exception, another exception occurred:\n","\n","Traceback (most recent call last):\n","  File \"/usr/local/lib/python3.10/dist-packages/IPython/core/interactiveshell.py\", line 3473, in run_ast_nodes\n","    if (await self.run_code(code, result,  async_=asy)):\n","  File \"/usr/local/lib/python3.10/dist-packages/IPython/core/interactiveshell.py\", line 3575, in run_code\n","    self.showtraceback(running_compiled_code=True)\n","  File \"/usr/local/lib/python3.10/dist-packages/IPython/core/interactiveshell.py\", line 2101, in showtraceback\n","    stb = self.InteractiveTB.structured_traceback(etype,\n","  File \"/usr/local/lib/python3.10/dist-packages/IPython/core/ultratb.py\", line 1367, in structured_traceback\n","    return FormattedTB.structured_traceback(\n","  File \"/usr/local/lib/python3.10/dist-packages/IPython/core/ultratb.py\", line 1267, in structured_traceback\n","    return VerboseTB.structured_traceback(\n","  File \"/usr/local/lib/python3.10/dist-packages/IPython/core/ultratb.py\", line 1124, in structured_traceback\n","    formatted_exception = self.format_exception_as_a_whole(etype, evalue, etb, number_of_lines_of_context,\n","  File \"/usr/local/lib/python3.10/dist-packages/IPython/core/ultratb.py\", line 1082, in format_exception_as_a_whole\n","    last_unique, recursion_repeat = find_recursion(orig_etype, evalue, records)\n","  File \"/usr/local/lib/python3.10/dist-packages/IPython/core/ultratb.py\", line 382, in find_recursion\n","    return len(records), 0\n","TypeError: object of type 'NoneType' has no len()\n","\n","During handling of the above exception, another exception occurred:\n","\n","Traceback (most recent call last):\n","  File \"/usr/local/lib/python3.10/dist-packages/IPython/core/interactiveshell.py\", line 2099, in showtraceback\n","    stb = value._render_traceback_()\n","AttributeError: 'TypeError' object has no attribute '_render_traceback_'\n","\n","During handling of the above exception, another exception occurred:\n","\n","Traceback (most recent call last):\n","  File \"/usr/local/lib/python3.10/dist-packages/IPython/core/interactiveshell.py\", line 3030, in _run_cell\n","    return runner(coro)\n","  File \"/usr/local/lib/python3.10/dist-packages/IPython/core/async_helpers.py\", line 78, in _pseudo_sync_runner\n","    coro.send(None)\n","  File \"/usr/local/lib/python3.10/dist-packages/IPython/core/interactiveshell.py\", line 3257, in run_cell_async\n","    has_raised = await self.run_ast_nodes(code_ast.body, cell_name,\n","  File \"/usr/local/lib/python3.10/dist-packages/IPython/core/interactiveshell.py\", line 3492, in run_ast_nodes\n","    self.showtraceback()\n","  File \"/usr/local/lib/python3.10/dist-packages/IPython/core/interactiveshell.py\", line 2101, in showtraceback\n","    stb = self.InteractiveTB.structured_traceback(etype,\n","  File \"/usr/local/lib/python3.10/dist-packages/IPython/core/ultratb.py\", line 1367, in structured_traceback\n","    return FormattedTB.structured_traceback(\n","  File \"/usr/local/lib/python3.10/dist-packages/IPython/core/ultratb.py\", line 1267, in structured_traceback\n","    return VerboseTB.structured_traceback(\n","  File \"/usr/local/lib/python3.10/dist-packages/IPython/core/ultratb.py\", line 1142, in structured_traceback\n","    formatted_exceptions += self.format_exception_as_a_whole(etype, evalue, etb, lines_of_context,\n","  File \"/usr/local/lib/python3.10/dist-packages/IPython/core/ultratb.py\", line 1082, in format_exception_as_a_whole\n","    last_unique, recursion_repeat = find_recursion(orig_etype, evalue, records)\n","  File \"/usr/local/lib/python3.10/dist-packages/IPython/core/ultratb.py\", line 382, in find_recursion\n","    return len(records), 0\n","TypeError: object of type 'NoneType' has no len()\n","\n","During handling of the above exception, another exception occurred:\n","\n","Traceback (most recent call last):\n","  File \"/usr/local/lib/python3.10/dist-packages/IPython/core/interactiveshell.py\", line 2099, in showtraceback\n","    stb = value._render_traceback_()\n","AttributeError: 'TypeError' object has no attribute '_render_traceback_'\n","\n","During handling of the above exception, another exception occurred:\n","\n","Traceback (most recent call last):\n","  File \"/usr/local/lib/python3.10/dist-packages/IPython/core/ultratb.py\", line 1101, in get_records\n","    return _fixed_getinnerframes(etb, number_of_lines_of_context, tb_offset)\n","  File \"/usr/local/lib/python3.10/dist-packages/IPython/core/ultratb.py\", line 248, in wrapped\n","    return f(*args, **kwargs)\n","  File \"/usr/local/lib/python3.10/dist-packages/IPython/core/ultratb.py\", line 281, in _fixed_getinnerframes\n","    records = fix_frame_records_filenames(inspect.getinnerframes(etb, context))\n","  File \"/usr/lib/python3.10/inspect.py\", line 1662, in getinnerframes\n","    frameinfo = (tb.tb_frame,) + getframeinfo(tb, context)\n","  File \"/usr/lib/python3.10/inspect.py\", line 1620, in getframeinfo\n","    filename = getsourcefile(frame) or getfile(frame)\n","  File \"/usr/lib/python3.10/inspect.py\", line 829, in getsourcefile\n","    module = getmodule(object, filename)\n","  File \"/usr/lib/python3.10/inspect.py\", line 861, in getmodule\n","    file = getabsfile(object, _filename)\n","  File \"/usr/lib/python3.10/inspect.py\", line 845, in getabsfile\n","    return os.path.normcase(os.path.abspath(_filename))\n","  File \"/usr/lib/python3.10/posixpath.py\", line 384, in abspath\n","    cwd = os.getcwd()\n","OSError: [Errno 107] Transport endpoint is not connected\n"]}],"source":["# if torch.cuda.device_count() \u003e 1: # If more than 1 GPU\n","#     model.is_parallelizable = True\n","#     model.model_parallel = True\n","\n","import transformers\n","from datetime import datetime\n","\n","project = \"orkg-finetune\"\n","base_model_name = \"mistral_7B\"\n","run_name = base_model_name + \"-\" + project\n","output_dir = \"./\" + run_name\n","\n","tokenizer.pad_token = tokenizer.eos_token\n","\n","trainer = transformers.Trainer(\n","    model=model,\n","    train_dataset=tokenized_train_dataset,\n","    eval_dataset=tokenized_val_dataset,\n","    args=transformers.TrainingArguments(\n","        output_dir=output_dir,\n","        warmup_steps=5,\n","        per_device_train_batch_size=4,\n","        gradient_checkpointing=True,\n","        gradient_accumulation_steps=4,\n","        max_steps=750,\n","        learning_rate=2.5e-4,\n","        logging_steps=50,\n","        # bf16=True,\n","        optim=\"paged_adamw_8bit\",\n","        logging_dir=\"./logs\",        # Directory for storing logs\n","        save_strategy=\"steps\",       # Save the model checkpoint every logging step\n","        save_steps=50,                # Save checkpoints every 50 steps\n","        evaluation_strategy=\"steps\", # Evaluate the model every logging step\n","        eval_steps=50,               # Evaluate and save checkpoints every 50 steps\n","        do_eval=True,                # Perform evaluation at the end of training\n","\n","        run_name=f\"{run_name}-{datetime.now().strftime('%Y-%m-%d-%H-%M')}\"          # Name of the W\u0026B run (optional)\n","    ),\n","    data_collator=transformers.DataCollatorForLanguageModeling(tokenizer, mlm=False),\n",")\n","\n","model.config.use_cache = False  # silence the warnings. Please re-enable for inference!\n","trainer.train()\n","\n","model.save_pretrained(output_dir)\n","tokenizer.save_pretrained(output_dir)\n"]}],"metadata":{"accelerator":"GPU","colab":{"authorship_tag":"ABX9TyN6S1Wbr4GeempQ+Bp4rSCA","machine_shape":"hm","name":"","version":""},"kernelspec":{"display_name":"Python 3","name":"python3"},"language_info":{"name":"python"},"widgets":{"application/vnd.jupyter.widget-state+json":{"05212ffe891c4082afe08bd7115d226a":{"model_module":"@jupyter-widgets/base","model_module_version":"2.0.0","model_name":"LayoutModel","state":{"_model_module":"@jupyter-widgets/base","_model_module_version":"2.0.0","_model_name":"LayoutModel","_view_count":null,"_view_module":"@jupyter-widgets/base","_view_module_version":"2.0.0","_view_name":"LayoutView","align_content":null,"align_items":null,"align_self":null,"border_bottom":null,"border_left":null,"border_right":null,"border_top":null,"bottom":null,"display":null,"flex":null,"flex_flow":null,"grid_area":null,"grid_auto_columns":null,"grid_auto_flow":null,"grid_auto_rows":null,"grid_column":null,"grid_gap":null,"grid_row":null,"grid_template_areas":null,"grid_template_columns":null,"grid_template_rows":null,"height":null,"justify_content":null,"justify_items":null,"left":null,"margin":null,"max_height":null,"max_width":null,"min_height":null,"min_width":null,"object_fit":null,"object_position":null,"order":null,"overflow":null,"padding":null,"right":null,"top":null,"visibility":null,"width":null}},"05344d2df759497b84f45b27c5c27048":{"model_module":"@jupyter-widgets/base","model_module_version":"2.0.0","model_name":"LayoutModel","state":{"_model_module":"@jupyter-widgets/base","_model_module_version":"2.0.0","_model_name":"LayoutModel","_view_count":null,"_view_module":"@jupyter-widgets/base","_view_module_version":"2.0.0","_view_name":"LayoutView","align_content":null,"align_items":null,"align_self":null,"border_bottom":null,"border_left":null,"border_right":null,"border_top":null,"bottom":null,"display":null,"flex":null,"flex_flow":null,"grid_area":null,"grid_auto_columns":null,"grid_auto_flow":null,"grid_auto_rows":null,"grid_column":null,"grid_gap":null,"grid_row":null,"grid_template_areas":null,"grid_template_columns":null,"grid_template_rows":null,"height":null,"justify_content":null,"justify_items":null,"left":null,"margin":null,"max_height":null,"max_width":null,"min_height":null,"min_width":null,"object_fit":null,"object_position":null,"order":null,"overflow":null,"padding":null,"right":null,"top":null,"visibility":null,"width":null}},"05355770cf974fc8a8e6b401e24c0267":{"model_module":"@jupyter-widgets/base","model_module_version":"2.0.0","model_name":"LayoutModel","state":{"_model_module":"@jupyter-widgets/base","_model_module_version":"2.0.0","_model_name":"LayoutModel","_view_count":null,"_view_module":"@jupyter-widgets/base","_view_module_version":"2.0.0","_view_name":"LayoutView","align_content":null,"align_items":null,"align_self":null,"border_bottom":null,"border_left":null,"border_right":null,"border_top":null,"bottom":null,"display":null,"flex":null,"flex_flow":null,"grid_area":null,"grid_auto_columns":null,"grid_auto_flow":null,"grid_auto_rows":null,"grid_column":null,"grid_gap":null,"grid_row":null,"grid_template_areas":null,"grid_template_columns":null,"grid_template_rows":null,"height":null,"justify_content":null,"justify_items":null,"left":null,"margin":null,"max_height":null,"max_width":null,"min_height":null,"min_width":null,"object_fit":null,"object_position":null,"order":null,"overflow":null,"padding":null,"right":null,"top":null,"visibility":null,"width":null}},"06ed7930dde341969e59a49cc606f32d":{"model_module":"@jupyter-widgets/controls","model_module_version":"2.0.0","model_name":"HBoxModel","state":{"_dom_classes":[],"_model_module":"@jupyter-widgets/controls","_model_module_version":"2.0.0","_model_name":"HBoxModel","_view_count":null,"_view_module":"@jupyter-widgets/controls","_view_module_version":"2.0.0","_view_name":"HBoxView","box_style":"","children":["IPY_MODEL_e474b23f69b64851a9149d69f84e4616","IPY_MODEL_f16dad2582554a94996760bea4433d4e","IPY_MODEL_d2fbc482749e4dbcb5c488cdd78e5592"],"layout":"IPY_MODEL_d1c86cc280bb46fc9e447d38fd2a2b75","tabbable":null,"tooltip":null}},"07f7904e1a0f42b79d2578600a6d05dd":{"model_module":"@jupyter-widgets/controls","model_module_version":"2.0.0","model_name":"HTMLModel","state":{"_dom_classes":[],"_model_module":"@jupyter-widgets/controls","_model_module_version":"2.0.0","_model_name":"HTMLModel","_view_count":null,"_view_module":"@jupyter-widgets/controls","_view_module_version":"2.0.0","_view_name":"HTMLView","description":"","description_allow_html":false,"layout":"IPY_MODEL_6bab8bd7801c48a88540ca4d9bc9c5be","placeholder":"​","style":"IPY_MODEL_9c8f5baa5c9a429f92c8fdb72d48b448","tabbable":null,"tooltip":null,"value":" 25.1k/25.1k [00:00\u0026lt;00:00, 1.81MB/s]"}},"08d53a7be5b44f3fab9be624046b8c4f":{"model_module":"@jupyter-widgets/base","model_module_version":"2.0.0","model_name":"LayoutModel","state":{"_model_module":"@jupyter-widgets/base","_model_module_version":"2.0.0","_model_name":"LayoutModel","_view_count":null,"_view_module":"@jupyter-widgets/base","_view_module_version":"2.0.0","_view_name":"LayoutView","align_content":null,"align_items":null,"align_self":null,"border_bottom":null,"border_left":null,"border_right":null,"border_top":null,"bottom":null,"display":null,"flex":null,"flex_flow":null,"grid_area":null,"grid_auto_columns":null,"grid_auto_flow":null,"grid_auto_rows":null,"grid_column":null,"grid_gap":null,"grid_row":null,"grid_template_areas":null,"grid_template_columns":null,"grid_template_rows":null,"height":null,"justify_content":null,"justify_items":null,"left":null,"margin":null,"max_height":null,"max_width":null,"min_height":null,"min_width":null,"object_fit":null,"object_position":null,"order":null,"overflow":null,"padding":null,"right":null,"top":null,"visibility":null,"width":null}},"095829eda5324333a011f658918c98ed":{"model_module":"@jupyter-widgets/controls","model_module_version":"2.0.0","model_name":"HTMLStyleModel","state":{"_model_module":"@jupyter-widgets/controls","_model_module_version":"2.0.0","_model_name":"HTMLStyleModel","_view_count":null,"_view_module":"@jupyter-widgets/base","_view_module_version":"2.0.0","_view_name":"StyleView","background":null,"description_width":"","font_size":null,"text_color":null}},"0962e39a88414b05a783217da629c45d":{"model_module":"@jupyter-widgets/controls","model_module_version":"2.0.0","model_name":"ProgressStyleModel","state":{"_model_module":"@jupyter-widgets/controls","_model_module_version":"2.0.0","_model_name":"ProgressStyleModel","_view_count":null,"_view_module":"@jupyter-widgets/base","_view_module_version":"2.0.0","_view_name":"StyleView","bar_color":null,"description_width":""}},"0a40043fed7940329c9a565a7409e842":{"model_module":"@jupyter-widgets/base","model_module_version":"2.0.0","model_name":"LayoutModel","state":{"_model_module":"@jupyter-widgets/base","_model_module_version":"2.0.0","_model_name":"LayoutModel","_view_count":null,"_view_module":"@jupyter-widgets/base","_view_module_version":"2.0.0","_view_name":"LayoutView","align_content":null,"align_items":null,"align_self":null,"border_bottom":null,"border_left":null,"border_right":null,"border_top":null,"bottom":null,"display":null,"flex":null,"flex_flow":null,"grid_area":null,"grid_auto_columns":null,"grid_auto_flow":null,"grid_auto_rows":null,"grid_column":null,"grid_gap":null,"grid_row":null,"grid_template_areas":null,"grid_template_columns":null,"grid_template_rows":null,"height":null,"justify_content":null,"justify_items":null,"left":null,"margin":null,"max_height":null,"max_width":null,"min_height":null,"min_width":null,"object_fit":null,"object_position":null,"order":null,"overflow":null,"padding":null,"right":null,"top":null,"visibility":null,"width":null}},"0b670a8b517e4d9ab15564d7019f2803":{"model_module":"@jupyter-widgets/base","model_module_version":"2.0.0","model_name":"LayoutModel","state":{"_model_module":"@jupyter-widgets/base","_model_module_version":"2.0.0","_model_name":"LayoutModel","_view_count":null,"_view_module":"@jupyter-widgets/base","_view_module_version":"2.0.0","_view_name":"LayoutView","align_content":null,"align_items":null,"align_self":null,"border_bottom":null,"border_left":null,"border_right":null,"border_top":null,"bottom":null,"display":null,"flex":null,"flex_flow":null,"grid_area":null,"grid_auto_columns":null,"grid_auto_flow":null,"grid_auto_rows":null,"grid_column":null,"grid_gap":null,"grid_row":null,"grid_template_areas":null,"grid_template_columns":null,"grid_template_rows":null,"height":null,"justify_content":null,"justify_items":null,"left":null,"margin":null,"max_height":null,"max_width":null,"min_height":null,"min_width":null,"object_fit":null,"object_position":null,"order":null,"overflow":null,"padding":null,"right":null,"top":null,"visibility":null,"width":null}},"0b8a9e84f60d4db29f57136a748e172b":{"model_module":"@jupyter-widgets/controls","model_module_version":"2.0.0","model_name":"ProgressStyleModel","state":{"_model_module":"@jupyter-widgets/controls","_model_module_version":"2.0.0","_model_name":"ProgressStyleModel","_view_count":null,"_view_module":"@jupyter-widgets/base","_view_module_version":"2.0.0","_view_name":"StyleView","bar_color":null,"description_width":""}},"0d899b3d22764a59bb5dffe617f52cf7":{"model_module":"@jupyter-widgets/base","model_module_version":"2.0.0","model_name":"LayoutModel","state":{"_model_module":"@jupyter-widgets/base","_model_module_version":"2.0.0","_model_name":"LayoutModel","_view_count":null,"_view_module":"@jupyter-widgets/base","_view_module_version":"2.0.0","_view_name":"LayoutView","align_content":null,"align_items":null,"align_self":null,"border_bottom":null,"border_left":null,"border_right":null,"border_top":null,"bottom":null,"display":null,"flex":null,"flex_flow":null,"grid_area":null,"grid_auto_columns":null,"grid_auto_flow":null,"grid_auto_rows":null,"grid_column":null,"grid_gap":null,"grid_row":null,"grid_template_areas":null,"grid_template_columns":null,"grid_template_rows":null,"height":null,"justify_content":null,"justify_items":null,"left":null,"margin":null,"max_height":null,"max_width":null,"min_height":null,"min_width":null,"object_fit":null,"object_position":null,"order":null,"overflow":null,"padding":null,"right":null,"top":null,"visibility":null,"width":null}},"0df240db017f46dd8f36e791b3cca22d":{"model_module":"@jupyter-widgets/base","model_module_version":"2.0.0","model_name":"LayoutModel","state":{"_model_module":"@jupyter-widgets/base","_model_module_version":"2.0.0","_model_name":"LayoutModel","_view_count":null,"_view_module":"@jupyter-widgets/base","_view_module_version":"2.0.0","_view_name":"LayoutView","align_content":null,"align_items":null,"align_self":null,"border_bottom":null,"border_left":null,"border_right":null,"border_top":null,"bottom":null,"display":null,"flex":null,"flex_flow":null,"grid_area":null,"grid_auto_columns":null,"grid_auto_flow":null,"grid_auto_rows":null,"grid_column":null,"grid_gap":null,"grid_row":null,"grid_template_areas":null,"grid_template_columns":null,"grid_template_rows":null,"height":null,"justify_content":null,"justify_items":null,"left":null,"margin":null,"max_height":null,"max_width":null,"min_height":null,"min_width":null,"object_fit":null,"object_position":null,"order":null,"overflow":null,"padding":null,"right":null,"top":null,"visibility":null,"width":null}},"0edcc6a1777a4b49a74f83ee8d9ea4ce":{"model_module":"@jupyter-widgets/base","model_module_version":"2.0.0","model_name":"LayoutModel","state":{"_model_module":"@jupyter-widgets/base","_model_module_version":"2.0.0","_model_name":"LayoutModel","_view_count":null,"_view_module":"@jupyter-widgets/base","_view_module_version":"2.0.0","_view_name":"LayoutView","align_content":null,"align_items":null,"align_self":null,"border_bottom":null,"border_left":null,"border_right":null,"border_top":null,"bottom":null,"display":null,"flex":null,"flex_flow":null,"grid_area":null,"grid_auto_columns":null,"grid_auto_flow":null,"grid_auto_rows":null,"grid_column":null,"grid_gap":null,"grid_row":null,"grid_template_areas":null,"grid_template_columns":null,"grid_template_rows":null,"height":null,"justify_content":null,"justify_items":null,"left":null,"margin":null,"max_height":null,"max_width":null,"min_height":null,"min_width":null,"object_fit":null,"object_position":null,"order":null,"overflow":null,"padding":null,"right":null,"top":null,"visibility":null,"width":null}},"0fa4ce70336b4bdfad10c527f07c98e0":{"model_module":"@jupyter-widgets/controls","model_module_version":"2.0.0","model_name":"HBoxModel","state":{"_dom_classes":[],"_model_module":"@jupyter-widgets/controls","_model_module_version":"2.0.0","_model_name":"HBoxModel","_view_count":null,"_view_module":"@jupyter-widgets/controls","_view_module_version":"2.0.0","_view_name":"HBoxView","box_style":"","children":["IPY_MODEL_909fe0ea2479479bb2aab23175f36644","IPY_MODEL_263432b4c4fa4e628680caa6d7f73b3b","IPY_MODEL_3a3b8dd405a1461b9dcad96f112be01e"],"layout":"IPY_MODEL_b918d151171d4bebb0ee647bb8646e1e","tabbable":null,"tooltip":null}},"1065b343956545abaa0ef356866fe31a":{"model_module":"@jupyter-widgets/controls","model_module_version":"2.0.0","model_name":"HBoxModel","state":{"_dom_classes":[],"_model_module":"@jupyter-widgets/controls","_model_module_version":"2.0.0","_model_name":"HBoxModel","_view_count":null,"_view_module":"@jupyter-widgets/controls","_view_module_version":"2.0.0","_view_name":"HBoxView","box_style":"","children":["IPY_MODEL_720c457c2a1148f7bfceeacfb602984f","IPY_MODEL_32dd80ee5b71452a840dfd008255fd36","IPY_MODEL_7db5c10bc8784221aac38b099200e15c"],"layout":"IPY_MODEL_05344d2df759497b84f45b27c5c27048","tabbable":null,"tooltip":null}},"10e89ffd7883406889a8984862562174":{"model_module":"@jupyter-widgets/controls","model_module_version":"2.0.0","model_name":"HTMLStyleModel","state":{"_model_module":"@jupyter-widgets/controls","_model_module_version":"2.0.0","_model_name":"HTMLStyleModel","_view_count":null,"_view_module":"@jupyter-widgets/base","_view_module_version":"2.0.0","_view_name":"StyleView","background":null,"description_width":"","font_size":null,"text_color":null}},"11f1420e983e48e6b1b48d2a2335e584":{"model_module":"@jupyter-widgets/base","model_module_version":"2.0.0","model_name":"LayoutModel","state":{"_model_module":"@jupyter-widgets/base","_model_module_version":"2.0.0","_model_name":"LayoutModel","_view_count":null,"_view_module":"@jupyter-widgets/base","_view_module_version":"2.0.0","_view_name":"LayoutView","align_content":null,"align_items":null,"align_self":null,"border_bottom":null,"border_left":null,"border_right":null,"border_top":null,"bottom":null,"display":null,"flex":null,"flex_flow":null,"grid_area":null,"grid_auto_columns":null,"grid_auto_flow":null,"grid_auto_rows":null,"grid_column":null,"grid_gap":null,"grid_row":null,"grid_template_areas":null,"grid_template_columns":null,"grid_template_rows":null,"height":null,"justify_content":null,"justify_items":null,"left":null,"margin":null,"max_height":null,"max_width":null,"min_height":null,"min_width":null,"object_fit":null,"object_position":null,"order":null,"overflow":null,"padding":null,"right":null,"top":null,"visibility":null,"width":null}},"13b30b9620a04d51a7d88a8a2ad43b54":{"model_module":"@jupyter-widgets/controls","model_module_version":"2.0.0","model_name":"HTMLStyleModel","state":{"_model_module":"@jupyter-widgets/controls","_model_module_version":"2.0.0","_model_name":"HTMLStyleModel","_view_count":null,"_view_module":"@jupyter-widgets/base","_view_module_version":"2.0.0","_view_name":"StyleView","background":null,"description_width":"","font_size":null,"text_color":null}},"153fc22fab3b465aa7ecf697a91aa8c8":{"model_module":"@jupyter-widgets/controls","model_module_version":"2.0.0","model_name":"HTMLStyleModel","state":{"_model_module":"@jupyter-widgets/controls","_model_module_version":"2.0.0","_model_name":"HTMLStyleModel","_view_count":null,"_view_module":"@jupyter-widgets/base","_view_module_version":"2.0.0","_view_name":"StyleView","background":null,"description_width":"","font_size":null,"text_color":null}},"15643e64609b4d82aa9427ae152f0e14":{"model_module":"@jupyter-widgets/base","model_module_version":"2.0.0","model_name":"LayoutModel","state":{"_model_module":"@jupyter-widgets/base","_model_module_version":"2.0.0","_model_name":"LayoutModel","_view_count":null,"_view_module":"@jupyter-widgets/base","_view_module_version":"2.0.0","_view_name":"LayoutView","align_content":null,"align_items":null,"align_self":null,"border_bottom":null,"border_left":null,"border_right":null,"border_top":null,"bottom":null,"display":null,"flex":null,"flex_flow":null,"grid_area":null,"grid_auto_columns":null,"grid_auto_flow":null,"grid_auto_rows":null,"grid_column":null,"grid_gap":null,"grid_row":null,"grid_template_areas":null,"grid_template_columns":null,"grid_template_rows":null,"height":null,"justify_content":null,"justify_items":null,"left":null,"margin":null,"max_height":null,"max_width":null,"min_height":null,"min_width":null,"object_fit":null,"object_position":null,"order":null,"overflow":null,"padding":null,"right":null,"top":null,"visibility":null,"width":null}},"20d7ce686bb84e6cb267dac592053bcd":{"model_module":"@jupyter-widgets/controls","model_module_version":"2.0.0","model_name":"HTMLModel","state":{"_dom_classes":[],"_model_module":"@jupyter-widgets/controls","_model_module_version":"2.0.0","_model_name":"HTMLModel","_view_count":null,"_view_module":"@jupyter-widgets/controls","_view_module_version":"2.0.0","_view_name":"HTMLView","description":"","description_allow_html":false,"layout":"IPY_MODEL_3cc9eac7b2c04362b89a8903cff9d24c","placeholder":"​","style":"IPY_MODEL_d3ab9d69fff547be889e45f836c2d9bd","tabbable":null,"tooltip":null,"value":" 2/2 [00:09\u0026lt;00:00,  4.30s/it]"}},"23b47d1f318d4511a59e5b0f1d76202f":{"model_module":"@jupyter-widgets/controls","model_module_version":"2.0.0","model_name":"HTMLModel","state":{"_dom_classes":[],"_model_module":"@jupyter-widgets/controls","_model_module_version":"2.0.0","_model_name":"HTMLModel","_view_count":null,"_view_module":"@jupyter-widgets/controls","_view_module_version":"2.0.0","_view_name":"HTMLView","description":"","description_allow_html":false,"layout":"IPY_MODEL_0a40043fed7940329c9a565a7409e842","placeholder":"​","style":"IPY_MODEL_301d49edcb0e4848a2f90dc2f50a6b1e","tabbable":null,"tooltip":null,"value":" 513/513 [00:00\u0026lt;00:00, 23985.89 examples/s]"}},"260a03f4de8e426b86247d2fdf837479":{"model_module":"@jupyter-widgets/controls","model_module_version":"2.0.0","model_name":"FloatProgressModel","state":{"_dom_classes":[],"_model_module":"@jupyter-widgets/controls","_model_module_version":"2.0.0","_model_name":"FloatProgressModel","_view_count":null,"_view_module":"@jupyter-widgets/controls","_view_module_version":"2.0.0","_view_name":"ProgressView","bar_style":"success","description":"","description_allow_html":false,"layout":"IPY_MODEL_bbdbc7fc6a5d49dd95bfe0ccf75a5df4","max":2,"min":0,"orientation":"horizontal","style":"IPY_MODEL_40e64d9e25ff47ffa2f17932b2f9cc6f","tabbable":null,"tooltip":null,"value":2}},"263432b4c4fa4e628680caa6d7f73b3b":{"model_module":"@jupyter-widgets/controls","model_module_version":"2.0.0","model_name":"FloatProgressModel","state":{"_dom_classes":[],"_model_module":"@jupyter-widgets/controls","_model_module_version":"2.0.0","_model_name":"FloatProgressModel","_view_count":null,"_view_module":"@jupyter-widgets/controls","_view_module_version":"2.0.0","_view_name":"ProgressView","bar_style":"success","description":"","description_allow_html":false,"layout":"IPY_MODEL_6b011d6f7def4cf8ae62441b906c8df7","max":9942981696,"min":0,"orientation":"horizontal","style":"IPY_MODEL_b30c167b3c024cd3868b62a374aad79d","tabbable":null,"tooltip":null,"value":9942981696}},"2754dde2a6bd4cb78b0c5c29e7bbaed0":{"model_module":"@jupyter-widgets/controls","model_module_version":"2.0.0","model_name":"HTMLStyleModel","state":{"_model_module":"@jupyter-widgets/controls","_model_module_version":"2.0.0","_model_name":"HTMLStyleModel","_view_count":null,"_view_module":"@jupyter-widgets/base","_view_module_version":"2.0.0","_view_name":"StyleView","background":null,"description_width":"","font_size":null,"text_color":null}},"2757d2e68e0441e5b799d38245f44971":{"model_module":"@jupyter-widgets/controls","model_module_version":"2.0.0","model_name":"HTMLStyleModel","state":{"_model_module":"@jupyter-widgets/controls","_model_module_version":"2.0.0","_model_name":"HTMLStyleModel","_view_count":null,"_view_module":"@jupyter-widgets/base","_view_module_version":"2.0.0","_view_name":"StyleView","background":null,"description_width":"","font_size":null,"text_color":null}},"27d54de89dcd44aaa0315fc96e048120":{"model_module":"@jupyter-widgets/base","model_module_version":"2.0.0","model_name":"LayoutModel","state":{"_model_module":"@jupyter-widgets/base","_model_module_version":"2.0.0","_model_name":"LayoutModel","_view_count":null,"_view_module":"@jupyter-widgets/base","_view_module_version":"2.0.0","_view_name":"LayoutView","align_content":null,"align_items":null,"align_self":null,"border_bottom":null,"border_left":null,"border_right":null,"border_top":null,"bottom":null,"display":null,"flex":null,"flex_flow":null,"grid_area":null,"grid_auto_columns":null,"grid_auto_flow":null,"grid_auto_rows":null,"grid_column":null,"grid_gap":null,"grid_row":null,"grid_template_areas":null,"grid_template_columns":null,"grid_template_rows":null,"height":null,"justify_content":null,"justify_items":null,"left":null,"margin":null,"max_height":null,"max_width":null,"min_height":null,"min_width":null,"object_fit":null,"object_position":null,"order":null,"overflow":null,"padding":null,"right":null,"top":null,"visibility":null,"width":null}},"29446cafda844a148a82dccb97295bb2":{"model_module":"@jupyter-widgets/controls","model_module_version":"2.0.0","model_name":"FloatProgressModel","state":{"_dom_classes":[],"_model_module":"@jupyter-widgets/controls","_model_module_version":"2.0.0","_model_name":"FloatProgressModel","_view_count":null,"_view_module":"@jupyter-widgets/controls","_view_module_version":"2.0.0","_view_name":"ProgressView","bar_style":"success","description":"","description_allow_html":false,"layout":"IPY_MODEL_a55422f1d9c74abfa9e4d11ada071244","max":1795,"min":0,"orientation":"horizontal","style":"IPY_MODEL_0962e39a88414b05a783217da629c45d","tabbable":null,"tooltip":null,"value":1795}},"2b0cd14e70994d00847a2d2ed848097a":{"model_module":"@jupyter-widgets/base","model_module_version":"2.0.0","model_name":"LayoutModel","state":{"_model_module":"@jupyter-widgets/base","_model_module_version":"2.0.0","_model_name":"LayoutModel","_view_count":null,"_view_module":"@jupyter-widgets/base","_view_module_version":"2.0.0","_view_name":"LayoutView","align_content":null,"align_items":null,"align_self":null,"border_bottom":null,"border_left":null,"border_right":null,"border_top":null,"bottom":null,"display":null,"flex":null,"flex_flow":null,"grid_area":null,"grid_auto_columns":null,"grid_auto_flow":null,"grid_auto_rows":null,"grid_column":null,"grid_gap":null,"grid_row":null,"grid_template_areas":null,"grid_template_columns":null,"grid_template_rows":null,"height":null,"justify_content":null,"justify_items":null,"left":null,"margin":null,"max_height":null,"max_width":null,"min_height":null,"min_width":null,"object_fit":null,"object_position":null,"order":null,"overflow":null,"padding":null,"right":null,"top":null,"visibility":null,"width":null}},"2df0753f8d1a4fdbb789ab087354c88e":{"model_module":"@jupyter-widgets/base","model_module_version":"2.0.0","model_name":"LayoutModel","state":{"_model_module":"@jupyter-widgets/base","_model_module_version":"2.0.0","_model_name":"LayoutModel","_view_count":null,"_view_module":"@jupyter-widgets/base","_view_module_version":"2.0.0","_view_name":"LayoutView","align_content":null,"align_items":null,"align_self":null,"border_bottom":null,"border_left":null,"border_right":null,"border_top":null,"bottom":null,"display":null,"flex":null,"flex_flow":null,"grid_area":null,"grid_auto_columns":null,"grid_auto_flow":null,"grid_auto_rows":null,"grid_column":null,"grid_gap":null,"grid_row":null,"grid_template_areas":null,"grid_template_columns":null,"grid_template_rows":null,"height":null,"justify_content":null,"justify_items":null,"left":null,"margin":null,"max_height":null,"max_width":null,"min_height":null,"min_width":null,"object_fit":null,"object_position":null,"order":null,"overflow":null,"padding":null,"right":null,"top":null,"visibility":null,"width":null}},"301d49edcb0e4848a2f90dc2f50a6b1e":{"model_module":"@jupyter-widgets/controls","model_module_version":"2.0.0","model_name":"HTMLStyleModel","state":{"_model_module":"@jupyter-widgets/controls","_model_module_version":"2.0.0","_model_name":"HTMLStyleModel","_view_count":null,"_view_module":"@jupyter-widgets/base","_view_module_version":"2.0.0","_view_name":"StyleView","background":null,"description_width":"","font_size":null,"text_color":null}},"3163ebc782254ac58cd8e8811645f157":{"model_module":"@jupyter-widgets/base","model_module_version":"2.0.0","model_name":"LayoutModel","state":{"_model_module":"@jupyter-widgets/base","_model_module_version":"2.0.0","_model_name":"LayoutModel","_view_count":null,"_view_module":"@jupyter-widgets/base","_view_module_version":"2.0.0","_view_name":"LayoutView","align_content":null,"align_items":null,"align_self":null,"border_bottom":null,"border_left":null,"border_right":null,"border_top":null,"bottom":null,"display":null,"flex":null,"flex_flow":null,"grid_area":null,"grid_auto_columns":null,"grid_auto_flow":null,"grid_auto_rows":null,"grid_column":null,"grid_gap":null,"grid_row":null,"grid_template_areas":null,"grid_template_columns":null,"grid_template_rows":null,"height":null,"justify_content":null,"justify_items":null,"left":null,"margin":null,"max_height":null,"max_width":null,"min_height":null,"min_width":null,"object_fit":null,"object_position":null,"order":null,"overflow":null,"padding":null,"right":null,"top":null,"visibility":null,"width":null}},"319a16fb1a474a4fbf3588add952f452":{"model_module":"@jupyter-widgets/controls","model_module_version":"2.0.0","model_name":"HTMLModel","state":{"_dom_classes":[],"_model_module":"@jupyter-widgets/controls","_model_module_version":"2.0.0","_model_name":"HTMLModel","_view_count":null,"_view_module":"@jupyter-widgets/controls","_view_module_version":"2.0.0","_view_name":"HTMLView","description":"","description_allow_html":false,"layout":"IPY_MODEL_ce9268f98736480fae2d80324f0ea6c2","placeholder":"​","style":"IPY_MODEL_153fc22fab3b465aa7ecf697a91aa8c8","tabbable":null,"tooltip":null,"value":"Generating validation split: 100%"}},"31cfd9e2dcb7493da179a556ea598d93":{"model_module":"@jupyter-widgets/base","model_module_version":"2.0.0","model_name":"LayoutModel","state":{"_model_module":"@jupyter-widgets/base","_model_module_version":"2.0.0","_model_name":"LayoutModel","_view_count":null,"_view_module":"@jupyter-widgets/base","_view_module_version":"2.0.0","_view_name":"LayoutView","align_content":null,"align_items":null,"align_self":null,"border_bottom":null,"border_left":null,"border_right":null,"border_top":null,"bottom":null,"display":null,"flex":null,"flex_flow":null,"grid_area":null,"grid_auto_columns":null,"grid_auto_flow":null,"grid_auto_rows":null,"grid_column":null,"grid_gap":null,"grid_row":null,"grid_template_areas":null,"grid_template_columns":null,"grid_template_rows":null,"height":null,"justify_content":null,"justify_items":null,"left":null,"margin":null,"max_height":null,"max_width":null,"min_height":null,"min_width":null,"object_fit":null,"object_position":null,"order":null,"overflow":null,"padding":null,"right":null,"top":null,"visibility":null,"width":null}},"32dd80ee5b71452a840dfd008255fd36":{"model_module":"@jupyter-widgets/controls","model_module_version":"2.0.0","model_name":"FloatProgressModel","state":{"_dom_classes":[],"_model_module":"@jupyter-widgets/controls","_model_module_version":"2.0.0","_model_name":"FloatProgressModel","_view_count":null,"_view_module":"@jupyter-widgets/controls","_view_module_version":"2.0.0","_view_name":"ProgressView","bar_style":"success","description":"","description_allow_html":false,"layout":"IPY_MODEL_05355770cf974fc8a8e6b401e24c0267","max":571,"min":0,"orientation":"horizontal","style":"IPY_MODEL_f2d7be7f8ccf476da053bbe327c6a878","tabbable":null,"tooltip":null,"value":571}},"33f6daa73c8e4f90b397a383a47a466d":{"model_module":"@jupyter-widgets/base","model_module_version":"2.0.0","model_name":"LayoutModel","state":{"_model_module":"@jupyter-widgets/base","_model_module_version":"2.0.0","_model_name":"LayoutModel","_view_count":null,"_view_module":"@jupyter-widgets/base","_view_module_version":"2.0.0","_view_name":"LayoutView","align_content":null,"align_items":null,"align_self":null,"border_bottom":null,"border_left":null,"border_right":null,"border_top":null,"bottom":null,"display":null,"flex":null,"flex_flow":null,"grid_area":null,"grid_auto_columns":null,"grid_auto_flow":null,"grid_auto_rows":null,"grid_column":null,"grid_gap":null,"grid_row":null,"grid_template_areas":null,"grid_template_columns":null,"grid_template_rows":null,"height":null,"justify_content":null,"justify_items":null,"left":null,"margin":null,"max_height":null,"max_width":null,"min_height":null,"min_width":null,"object_fit":null,"object_position":null,"order":null,"overflow":null,"padding":null,"right":null,"top":null,"visibility":null,"width":null}},"35e000e080864446985f37faa05c3627":{"model_module":"@jupyter-widgets/base","model_module_version":"2.0.0","model_name":"LayoutModel","state":{"_model_module":"@jupyter-widgets/base","_model_module_version":"2.0.0","_model_name":"LayoutModel","_view_count":null,"_view_module":"@jupyter-widgets/base","_view_module_version":"2.0.0","_view_name":"LayoutView","align_content":null,"align_items":null,"align_self":null,"border_bottom":null,"border_left":null,"border_right":null,"border_top":null,"bottom":null,"display":null,"flex":null,"flex_flow":null,"grid_area":null,"grid_auto_columns":null,"grid_auto_flow":null,"grid_auto_rows":null,"grid_column":null,"grid_gap":null,"grid_row":null,"grid_template_areas":null,"grid_template_columns":null,"grid_template_rows":null,"height":null,"justify_content":null,"justify_items":null,"left":null,"margin":null,"max_height":null,"max_width":null,"min_height":null,"min_width":null,"object_fit":null,"object_position":null,"order":null,"overflow":null,"padding":null,"right":null,"top":null,"visibility":null,"width":null}},"361847b4ee9c44c5a6218e86f77450ec":{"model_module":"@jupyter-widgets/base","model_module_version":"2.0.0","model_name":"LayoutModel","state":{"_model_module":"@jupyter-widgets/base","_model_module_version":"2.0.0","_model_name":"LayoutModel","_view_count":null,"_view_module":"@jupyter-widgets/base","_view_module_version":"2.0.0","_view_name":"LayoutView","align_content":null,"align_items":null,"align_self":null,"border_bottom":null,"border_left":null,"border_right":null,"border_top":null,"bottom":null,"display":null,"flex":null,"flex_flow":null,"grid_area":null,"grid_auto_columns":null,"grid_auto_flow":null,"grid_auto_rows":null,"grid_column":null,"grid_gap":null,"grid_row":null,"grid_template_areas":null,"grid_template_columns":null,"grid_template_rows":null,"height":null,"justify_content":null,"justify_items":null,"left":null,"margin":null,"max_height":null,"max_width":null,"min_height":null,"min_width":null,"object_fit":null,"object_position":null,"order":null,"overflow":null,"padding":null,"right":null,"top":null,"visibility":null,"width":null}},"3670a8d9b7fb49daad84f6a567798c59":{"model_module":"@jupyter-widgets/base","model_module_version":"2.0.0","model_name":"LayoutModel","state":{"_model_module":"@jupyter-widgets/base","_model_module_version":"2.0.0","_model_name":"LayoutModel","_view_count":null,"_view_module":"@jupyter-widgets/base","_view_module_version":"2.0.0","_view_name":"LayoutView","align_content":null,"align_items":null,"align_self":null,"border_bottom":null,"border_left":null,"border_right":null,"border_top":null,"bottom":null,"display":null,"flex":null,"flex_flow":null,"grid_area":null,"grid_auto_columns":null,"grid_auto_flow":null,"grid_auto_rows":null,"grid_column":null,"grid_gap":null,"grid_row":null,"grid_template_areas":null,"grid_template_columns":null,"grid_template_rows":null,"height":null,"justify_content":null,"justify_items":null,"left":null,"margin":null,"max_height":null,"max_width":null,"min_height":null,"min_width":null,"object_fit":null,"object_position":null,"order":null,"overflow":null,"padding":null,"right":null,"top":null,"visibility":null,"width":null}},"38eeacd2214d406c9dc5cd958780b236":{"model_module":"@jupyter-widgets/controls","model_module_version":"2.0.0","model_name":"HTMLModel","state":{"_dom_classes":[],"_model_module":"@jupyter-widgets/controls","_model_module_version":"2.0.0","_model_name":"HTMLModel","_view_count":null,"_view_module":"@jupyter-widgets/controls","_view_module_version":"2.0.0","_view_name":"HTMLView","description":"","description_allow_html":false,"layout":"IPY_MODEL_7b3782d653ab43269ee0a9057e8fc334","placeholder":"​","style":"IPY_MODEL_a2e1a879fccf4960b2c667b2b6ea2d94","tabbable":null,"tooltip":null,"value":"Generating train split: 100%"}},"392e9e746368450fb9f41a1d167d40be":{"model_module":"@jupyter-widgets/controls","model_module_version":"2.0.0","model_name":"HTMLStyleModel","state":{"_model_module":"@jupyter-widgets/controls","_model_module_version":"2.0.0","_model_name":"HTMLStyleModel","_view_count":null,"_view_module":"@jupyter-widgets/base","_view_module_version":"2.0.0","_view_name":"StyleView","background":null,"description_width":"","font_size":null,"text_color":null}},"3a3b8dd405a1461b9dcad96f112be01e":{"model_module":"@jupyter-widgets/controls","model_module_version":"2.0.0","model_name":"HTMLModel","state":{"_dom_classes":[],"_model_module":"@jupyter-widgets/controls","_model_module_version":"2.0.0","_model_name":"HTMLModel","_view_count":null,"_view_module":"@jupyter-widgets/controls","_view_module_version":"2.0.0","_view_name":"HTMLView","description":"","description_allow_html":false,"layout":"IPY_MODEL_4917c4493ba34accaa70665316d91187","placeholder":"​","style":"IPY_MODEL_13b30b9620a04d51a7d88a8a2ad43b54","tabbable":null,"tooltip":null,"value":" 9.94G/9.94G [00:44\u0026lt;00:00, 277MB/s]"}},"3aef63c4c36e4f8bbace981ae505efbc":{"model_module":"@jupyter-widgets/controls","model_module_version":"2.0.0","model_name":"HTMLStyleModel","state":{"_model_module":"@jupyter-widgets/controls","_model_module_version":"2.0.0","_model_name":"HTMLStyleModel","_view_count":null,"_view_module":"@jupyter-widgets/base","_view_module_version":"2.0.0","_view_name":"StyleView","background":null,"description_width":"","font_size":null,"text_color":null}},"3b47196f52c449c98559d37afd9f1d9a":{"model_module":"@jupyter-widgets/controls","model_module_version":"2.0.0","model_name":"HBoxModel","state":{"_dom_classes":[],"_model_module":"@jupyter-widgets/controls","_model_module_version":"2.0.0","_model_name":"HBoxModel","_view_count":null,"_view_module":"@jupyter-widgets/controls","_view_module_version":"2.0.0","_view_name":"HBoxView","box_style":"","children":["IPY_MODEL_cdfdad1f291e48de93f181a57762ee5d","IPY_MODEL_9f58132e53c149d58d0c97d05197d02b","IPY_MODEL_07f7904e1a0f42b79d2578600a6d05dd"],"layout":"IPY_MODEL_b793035f28e249178e65e77d3cb8e1e0","tabbable":null,"tooltip":null}},"3cc9eac7b2c04362b89a8903cff9d24c":{"model_module":"@jupyter-widgets/base","model_module_version":"2.0.0","model_name":"LayoutModel","state":{"_model_module":"@jupyter-widgets/base","_model_module_version":"2.0.0","_model_name":"LayoutModel","_view_count":null,"_view_module":"@jupyter-widgets/base","_view_module_version":"2.0.0","_view_name":"LayoutView","align_content":null,"align_items":null,"align_self":null,"border_bottom":null,"border_left":null,"border_right":null,"border_top":null,"bottom":null,"display":null,"flex":null,"flex_flow":null,"grid_area":null,"grid_auto_columns":null,"grid_auto_flow":null,"grid_auto_rows":null,"grid_column":null,"grid_gap":null,"grid_row":null,"grid_template_areas":null,"grid_template_columns":null,"grid_template_rows":null,"height":null,"justify_content":null,"justify_items":null,"left":null,"margin":null,"max_height":null,"max_width":null,"min_height":null,"min_width":null,"object_fit":null,"object_position":null,"order":null,"overflow":null,"padding":null,"right":null,"top":null,"visibility":null,"width":null}},"40e64d9e25ff47ffa2f17932b2f9cc6f":{"model_module":"@jupyter-widgets/controls","model_module_version":"2.0.0","model_name":"ProgressStyleModel","state":{"_model_module":"@jupyter-widgets/controls","_model_module_version":"2.0.0","_model_name":"ProgressStyleModel","_view_count":null,"_view_module":"@jupyter-widgets/base","_view_module_version":"2.0.0","_view_name":"StyleView","bar_color":null,"description_width":""}},"432f10ec826c40a2b582acc32d477948":{"model_module":"@jupyter-widgets/controls","model_module_version":"2.0.0","model_name":"HTMLStyleModel","state":{"_model_module":"@jupyter-widgets/controls","_model_module_version":"2.0.0","_model_name":"HTMLStyleModel","_view_count":null,"_view_module":"@jupyter-widgets/base","_view_module_version":"2.0.0","_view_name":"StyleView","background":null,"description_width":"","font_size":null,"text_color":null}},"4388e2cecff5408f801a00bffe0de20c":{"model_module":"@jupyter-widgets/controls","model_module_version":"2.0.0","model_name":"FloatProgressModel","state":{"_dom_classes":[],"_model_module":"@jupyter-widgets/controls","_model_module_version":"2.0.0","_model_name":"FloatProgressModel","_view_count":null,"_view_module":"@jupyter-widgets/controls","_view_module_version":"2.0.0","_view_name":"ProgressView","bar_style":"success","description":"","description_allow_html":false,"layout":"IPY_MODEL_2df0753f8d1a4fdbb789ab087354c88e","max":257,"min":0,"orientation":"horizontal","style":"IPY_MODEL_5ba9e7a0cd234cc5afd92ed8c832cfbd","tabbable":null,"tooltip":null,"value":257}},"4399b2ba0050480ba73d03eb134ea4f2":{"model_module":"@jupyter-widgets/controls","model_module_version":"2.0.0","model_name":"ProgressStyleModel","state":{"_model_module":"@jupyter-widgets/controls","_model_module_version":"2.0.0","_model_name":"ProgressStyleModel","_view_count":null,"_view_module":"@jupyter-widgets/base","_view_module_version":"2.0.0","_view_name":"StyleView","bar_color":null,"description_width":""}},"46141ded9fbd4811a02ba366a1785ab9":{"model_module":"@jupyter-widgets/controls","model_module_version":"2.0.0","model_name":"HBoxModel","state":{"_dom_classes":[],"_model_module":"@jupyter-widgets/controls","_model_module_version":"2.0.0","_model_name":"HBoxModel","_view_count":null,"_view_module":"@jupyter-widgets/controls","_view_module_version":"2.0.0","_view_name":"HBoxView","box_style":"","children":["IPY_MODEL_59ec2c8742d942f69bbac4e4f53e14cb","IPY_MODEL_ae65c3acdf8042ce87ce9986c3142122","IPY_MODEL_eb86ab9426094e02bba6ee1b3719dc41"],"layout":"IPY_MODEL_c6350faf755b412f9e836e47ed4b5743","tabbable":null,"tooltip":null}},"46dc4b96bbf540169dd964837e9811b8":{"model_module":"@jupyter-widgets/controls","model_module_version":"2.0.0","model_name":"HTMLStyleModel","state":{"_model_module":"@jupyter-widgets/controls","_model_module_version":"2.0.0","_model_name":"HTMLStyleModel","_view_count":null,"_view_module":"@jupyter-widgets/base","_view_module_version":"2.0.0","_view_name":"StyleView","background":null,"description_width":"","font_size":null,"text_color":null}},"4844dbd87baa469e8d44923d575d9e5e":{"model_module":"@jupyter-widgets/controls","model_module_version":"2.0.0","model_name":"HBoxModel","state":{"_dom_classes":[],"_model_module":"@jupyter-widgets/controls","_model_module_version":"2.0.0","_model_name":"HBoxModel","_view_count":null,"_view_module":"@jupyter-widgets/controls","_view_module_version":"2.0.0","_view_name":"HBoxView","box_style":"","children":["IPY_MODEL_5f3f3baacb8d4759989af658dc0c313a","IPY_MODEL_f9786ed3cb234be784b52cc7eb44316f","IPY_MODEL_cc415fbd6ddf4535ad4987ebb598ac0b"],"layout":"IPY_MODEL_bc4ec189202a41caa421e28f35bd611e","tabbable":null,"tooltip":null}},"48a16b96a8bc4236890779be962a7f54":{"model_module":"@jupyter-widgets/base","model_module_version":"2.0.0","model_name":"LayoutModel","state":{"_model_module":"@jupyter-widgets/base","_model_module_version":"2.0.0","_model_name":"LayoutModel","_view_count":null,"_view_module":"@jupyter-widgets/base","_view_module_version":"2.0.0","_view_name":"LayoutView","align_content":null,"align_items":null,"align_self":null,"border_bottom":null,"border_left":null,"border_right":null,"border_top":null,"bottom":null,"display":null,"flex":null,"flex_flow":null,"grid_area":null,"grid_auto_columns":null,"grid_auto_flow":null,"grid_auto_rows":null,"grid_column":null,"grid_gap":null,"grid_row":null,"grid_template_areas":null,"grid_template_columns":null,"grid_template_rows":null,"height":null,"justify_content":null,"justify_items":null,"left":null,"margin":null,"max_height":null,"max_width":null,"min_height":null,"min_width":null,"object_fit":null,"object_position":null,"order":null,"overflow":null,"padding":null,"right":null,"top":null,"visibility":null,"width":null}},"48b3e608215541e2b1dc73c2d83a3c13":{"model_module":"@jupyter-widgets/controls","model_module_version":"2.0.0","model_name":"HTMLStyleModel","state":{"_model_module":"@jupyter-widgets/controls","_model_module_version":"2.0.0","_model_name":"HTMLStyleModel","_view_count":null,"_view_module":"@jupyter-widgets/base","_view_module_version":"2.0.0","_view_name":"StyleView","background":null,"description_width":"","font_size":null,"text_color":null}},"4917c4493ba34accaa70665316d91187":{"model_module":"@jupyter-widgets/base","model_module_version":"2.0.0","model_name":"LayoutModel","state":{"_model_module":"@jupyter-widgets/base","_model_module_version":"2.0.0","_model_name":"LayoutModel","_view_count":null,"_view_module":"@jupyter-widgets/base","_view_module_version":"2.0.0","_view_name":"LayoutView","align_content":null,"align_items":null,"align_self":null,"border_bottom":null,"border_left":null,"border_right":null,"border_top":null,"bottom":null,"display":null,"flex":null,"flex_flow":null,"grid_area":null,"grid_auto_columns":null,"grid_auto_flow":null,"grid_auto_rows":null,"grid_column":null,"grid_gap":null,"grid_row":null,"grid_template_areas":null,"grid_template_columns":null,"grid_template_rows":null,"height":null,"justify_content":null,"justify_items":null,"left":null,"margin":null,"max_height":null,"max_width":null,"min_height":null,"min_width":null,"object_fit":null,"object_position":null,"order":null,"overflow":null,"padding":null,"right":null,"top":null,"visibility":null,"width":null}},"495ce205afff4ffc9628f06fe7cb590b":{"model_module":"@jupyter-widgets/base","model_module_version":"2.0.0","model_name":"LayoutModel","state":{"_model_module":"@jupyter-widgets/base","_model_module_version":"2.0.0","_model_name":"LayoutModel","_view_count":null,"_view_module":"@jupyter-widgets/base","_view_module_version":"2.0.0","_view_name":"LayoutView","align_content":null,"align_items":null,"align_self":null,"border_bottom":null,"border_left":null,"border_right":null,"border_top":null,"bottom":null,"display":null,"flex":null,"flex_flow":null,"grid_area":null,"grid_auto_columns":null,"grid_auto_flow":null,"grid_auto_rows":null,"grid_column":null,"grid_gap":null,"grid_row":null,"grid_template_areas":null,"grid_template_columns":null,"grid_template_rows":null,"height":null,"justify_content":null,"justify_items":null,"left":null,"margin":null,"max_height":null,"max_width":null,"min_height":null,"min_width":null,"object_fit":null,"object_position":null,"order":null,"overflow":null,"padding":null,"right":null,"top":null,"visibility":null,"width":null}},"4a3e410b37f443adbbb70e85b3fefb56":{"model_module":"@jupyter-widgets/controls","model_module_version":"2.0.0","model_name":"HTMLStyleModel","state":{"_model_module":"@jupyter-widgets/controls","_model_module_version":"2.0.0","_model_name":"HTMLStyleModel","_view_count":null,"_view_module":"@jupyter-widgets/base","_view_module_version":"2.0.0","_view_name":"StyleView","background":null,"description_width":"","font_size":null,"text_color":null}},"4c0d5330967c4ce58c87e7b38404c1b6":{"model_module":"@jupyter-widgets/controls","model_module_version":"2.0.0","model_name":"HTMLStyleModel","state":{"_model_module":"@jupyter-widgets/controls","_model_module_version":"2.0.0","_model_name":"HTMLStyleModel","_view_count":null,"_view_module":"@jupyter-widgets/base","_view_module_version":"2.0.0","_view_name":"StyleView","background":null,"description_width":"","font_size":null,"text_color":null}},"4ce44c00c5d74751918e5343107edc57":{"model_module":"@jupyter-widgets/controls","model_module_version":"2.0.0","model_name":"HTMLModel","state":{"_dom_classes":[],"_model_module":"@jupyter-widgets/controls","_model_module_version":"2.0.0","_model_name":"HTMLModel","_view_count":null,"_view_module":"@jupyter-widgets/controls","_view_module_version":"2.0.0","_view_name":"HTMLView","description":"","description_allow_html":false,"layout":"IPY_MODEL_924b3cd1594d4f94ac95bd31651f4390","placeholder":"​","style":"IPY_MODEL_4c0d5330967c4ce58c87e7b38404c1b6","tabbable":null,"tooltip":null,"value":" 1795/1795 [00:00\u0026lt;00:00, 32570.81 examples/s]"}},"4fde8db397cf469bacdcca20e98ad15a":{"model_module":"@jupyter-widgets/base","model_module_version":"2.0.0","model_name":"LayoutModel","state":{"_model_module":"@jupyter-widgets/base","_model_module_version":"2.0.0","_model_name":"LayoutModel","_view_count":null,"_view_module":"@jupyter-widgets/base","_view_module_version":"2.0.0","_view_name":"LayoutView","align_content":null,"align_items":null,"align_self":null,"border_bottom":null,"border_left":null,"border_right":null,"border_top":null,"bottom":null,"display":null,"flex":null,"flex_flow":null,"grid_area":null,"grid_auto_columns":null,"grid_auto_flow":null,"grid_auto_rows":null,"grid_column":null,"grid_gap":null,"grid_row":null,"grid_template_areas":null,"grid_template_columns":null,"grid_template_rows":null,"height":null,"justify_content":null,"justify_items":null,"left":null,"margin":null,"max_height":null,"max_width":null,"min_height":null,"min_width":null,"object_fit":null,"object_position":null,"order":null,"overflow":null,"padding":null,"right":null,"top":null,"visibility":null,"width":null}},"503e649821de4b50bf24b40cbc44ca04":{"model_module":"@jupyter-widgets/controls","model_module_version":"2.0.0","model_name":"HTMLModel","state":{"_dom_classes":[],"_model_module":"@jupyter-widgets/controls","_model_module_version":"2.0.0","_model_name":"HTMLModel","_view_count":null,"_view_module":"@jupyter-widgets/controls","_view_module_version":"2.0.0","_view_name":"HTMLView","description":"","description_allow_html":false,"layout":"IPY_MODEL_598c84ce41b041b591a4363dab5b655d","placeholder":"​","style":"IPY_MODEL_855a88913c7b4585be32e373a3fb78e5","tabbable":null,"tooltip":null,"value":"Downloading data: 100%"}},"559f4ece14e14667bf217df4ca01c7e9":{"model_module":"@jupyter-widgets/controls","model_module_version":"2.0.0","model_name":"FloatProgressModel","state":{"_dom_classes":[],"_model_module":"@jupyter-widgets/controls","_model_module_version":"2.0.0","_model_name":"FloatProgressModel","_view_count":null,"_view_module":"@jupyter-widgets/controls","_view_module_version":"2.0.0","_view_name":"ProgressView","bar_style":"success","description":"","description_allow_html":false,"layout":"IPY_MODEL_c2bc12e330d14264ab3a51dcdf055ba9","max":2,"min":0,"orientation":"horizontal","style":"IPY_MODEL_dae1013563224791a488301fe9ed732e","tabbable":null,"tooltip":null,"value":2}},"57421d2d572c4f2bb70e05b89e7390b8":{"model_module":"@jupyter-widgets/base","model_module_version":"2.0.0","model_name":"LayoutModel","state":{"_model_module":"@jupyter-widgets/base","_model_module_version":"2.0.0","_model_name":"LayoutModel","_view_count":null,"_view_module":"@jupyter-widgets/base","_view_module_version":"2.0.0","_view_name":"LayoutView","align_content":null,"align_items":null,"align_self":null,"border_bottom":null,"border_left":null,"border_right":null,"border_top":null,"bottom":null,"display":null,"flex":null,"flex_flow":null,"grid_area":null,"grid_auto_columns":null,"grid_auto_flow":null,"grid_auto_rows":null,"grid_column":null,"grid_gap":null,"grid_row":null,"grid_template_areas":null,"grid_template_columns":null,"grid_template_rows":null,"height":null,"justify_content":null,"justify_items":null,"left":null,"margin":null,"max_height":null,"max_width":null,"min_height":null,"min_width":null,"object_fit":null,"object_position":null,"order":null,"overflow":null,"padding":null,"right":null,"top":null,"visibility":null,"width":null}},"57af8da55dff4e00b7acc70d4e35fb66":{"model_module":"@jupyter-widgets/base","model_module_version":"2.0.0","model_name":"LayoutModel","state":{"_model_module":"@jupyter-widgets/base","_model_module_version":"2.0.0","_model_name":"LayoutModel","_view_count":null,"_view_module":"@jupyter-widgets/base","_view_module_version":"2.0.0","_view_name":"LayoutView","align_content":null,"align_items":null,"align_self":null,"border_bottom":null,"border_left":null,"border_right":null,"border_top":null,"bottom":null,"display":null,"flex":null,"flex_flow":null,"grid_area":null,"grid_auto_columns":null,"grid_auto_flow":null,"grid_auto_rows":null,"grid_column":null,"grid_gap":null,"grid_row":null,"grid_template_areas":null,"grid_template_columns":null,"grid_template_rows":null,"height":null,"justify_content":null,"justify_items":null,"left":null,"margin":null,"max_height":null,"max_width":null,"min_height":null,"min_width":null,"object_fit":null,"object_position":null,"order":null,"overflow":null,"padding":null,"right":null,"top":null,"visibility":null,"width":null}},"598c84ce41b041b591a4363dab5b655d":{"model_module":"@jupyter-widgets/base","model_module_version":"2.0.0","model_name":"LayoutModel","state":{"_model_module":"@jupyter-widgets/base","_model_module_version":"2.0.0","_model_name":"LayoutModel","_view_count":null,"_view_module":"@jupyter-widgets/base","_view_module_version":"2.0.0","_view_name":"LayoutView","align_content":null,"align_items":null,"align_self":null,"border_bottom":null,"border_left":null,"border_right":null,"border_top":null,"bottom":null,"display":null,"flex":null,"flex_flow":null,"grid_area":null,"grid_auto_columns":null,"grid_auto_flow":null,"grid_auto_rows":null,"grid_column":null,"grid_gap":null,"grid_row":null,"grid_template_areas":null,"grid_template_columns":null,"grid_template_rows":null,"height":null,"justify_content":null,"justify_items":null,"left":null,"margin":null,"max_height":null,"max_width":null,"min_height":null,"min_width":null,"object_fit":null,"object_position":null,"order":null,"overflow":null,"padding":null,"right":null,"top":null,"visibility":null,"width":null}},"59ec2c8742d942f69bbac4e4f53e14cb":{"model_module":"@jupyter-widgets/controls","model_module_version":"2.0.0","model_name":"HTMLModel","state":{"_dom_classes":[],"_model_module":"@jupyter-widgets/controls","_model_module_version":"2.0.0","_model_name":"HTMLModel","_view_count":null,"_view_module":"@jupyter-widgets/controls","_view_module_version":"2.0.0","_view_name":"HTMLView","description":"","description_allow_html":false,"layout":"IPY_MODEL_35e000e080864446985f37faa05c3627","placeholder":"​","style":"IPY_MODEL_432f10ec826c40a2b582acc32d477948","tabbable":null,"tooltip":null,"value":"generation_config.json: 100%"}},"5a50b63d00424dbba1ad8b6992a9dc24":{"model_module":"@jupyter-widgets/controls","model_module_version":"2.0.0","model_name":"HTMLStyleModel","state":{"_model_module":"@jupyter-widgets/controls","_model_module_version":"2.0.0","_model_name":"HTMLStyleModel","_view_count":null,"_view_module":"@jupyter-widgets/base","_view_module_version":"2.0.0","_view_name":"StyleView","background":null,"description_width":"","font_size":null,"text_color":null}},"5ba9e7a0cd234cc5afd92ed8c832cfbd":{"model_module":"@jupyter-widgets/controls","model_module_version":"2.0.0","model_name":"ProgressStyleModel","state":{"_model_module":"@jupyter-widgets/controls","_model_module_version":"2.0.0","_model_name":"ProgressStyleModel","_view_count":null,"_view_module":"@jupyter-widgets/base","_view_module_version":"2.0.0","_view_name":"StyleView","bar_color":null,"description_width":""}},"5d1c5f6d07574ce78cadff5380cd3197":{"model_module":"@jupyter-widgets/controls","model_module_version":"2.0.0","model_name":"ProgressStyleModel","state":{"_model_module":"@jupyter-widgets/controls","_model_module_version":"2.0.0","_model_name":"ProgressStyleModel","_view_count":null,"_view_module":"@jupyter-widgets/base","_view_module_version":"2.0.0","_view_name":"StyleView","bar_color":null,"description_width":""}},"5f3f3baacb8d4759989af658dc0c313a":{"model_module":"@jupyter-widgets/controls","model_module_version":"2.0.0","model_name":"HTMLModel","state":{"_dom_classes":[],"_model_module":"@jupyter-widgets/controls","_model_module_version":"2.0.0","_model_name":"HTMLModel","_view_count":null,"_view_module":"@jupyter-widgets/controls","_view_module_version":"2.0.0","_view_name":"HTMLView","description":"","description_allow_html":false,"layout":"IPY_MODEL_d2b863fd36aa42dfb48f5b1558b020dd","placeholder":"​","style":"IPY_MODEL_2757d2e68e0441e5b799d38245f44971","tabbable":null,"tooltip":null,"value":"Downloading data: 100%"}},"5f7f2b1f493a4471b088b14fb0b16e4e":{"model_module":"@jupyter-widgets/controls","model_module_version":"2.0.0","model_name":"ProgressStyleModel","state":{"_model_module":"@jupyter-widgets/controls","_model_module_version":"2.0.0","_model_name":"ProgressStyleModel","_view_count":null,"_view_module":"@jupyter-widgets/base","_view_module_version":"2.0.0","_view_name":"StyleView","bar_color":null,"description_width":""}},"5fc3bdece0d44ea2b07b9ce4ba58b4c8":{"model_module":"@jupyter-widgets/base","model_module_version":"2.0.0","model_name":"LayoutModel","state":{"_model_module":"@jupyter-widgets/base","_model_module_version":"2.0.0","_model_name":"LayoutModel","_view_count":null,"_view_module":"@jupyter-widgets/base","_view_module_version":"2.0.0","_view_name":"LayoutView","align_content":null,"align_items":null,"align_self":null,"border_bottom":null,"border_left":null,"border_right":null,"border_top":null,"bottom":null,"display":null,"flex":null,"flex_flow":null,"grid_area":null,"grid_auto_columns":null,"grid_auto_flow":null,"grid_auto_rows":null,"grid_column":null,"grid_gap":null,"grid_row":null,"grid_template_areas":null,"grid_template_columns":null,"grid_template_rows":null,"height":null,"justify_content":null,"justify_items":null,"left":null,"margin":null,"max_height":null,"max_width":null,"min_height":null,"min_width":null,"object_fit":null,"object_position":null,"order":null,"overflow":null,"padding":null,"right":null,"top":null,"visibility":null,"width":null}},"5fc5e54080ef4438ad266380f673f71f":{"model_module":"@jupyter-widgets/controls","model_module_version":"2.0.0","model_name":"HBoxModel","state":{"_dom_classes":[],"_model_module":"@jupyter-widgets/controls","_model_module_version":"2.0.0","_model_name":"HBoxModel","_view_count":null,"_view_module":"@jupyter-widgets/controls","_view_module_version":"2.0.0","_view_name":"HBoxView","box_style":"","children":["IPY_MODEL_319a16fb1a474a4fbf3588add952f452","IPY_MODEL_4388e2cecff5408f801a00bffe0de20c","IPY_MODEL_b88221690fa34fe6a7fcb07831b7df05"],"layout":"IPY_MODEL_88d8cd84f9954add8894169c16291146","tabbable":null,"tooltip":null}},"63c36479afdd48a8a63f05f576e28176":{"model_module":"@jupyter-widgets/base","model_module_version":"2.0.0","model_name":"LayoutModel","state":{"_model_module":"@jupyter-widgets/base","_model_module_version":"2.0.0","_model_name":"LayoutModel","_view_count":null,"_view_module":"@jupyter-widgets/base","_view_module_version":"2.0.0","_view_name":"LayoutView","align_content":null,"align_items":null,"align_self":null,"border_bottom":null,"border_left":null,"border_right":null,"border_top":null,"bottom":null,"display":null,"flex":null,"flex_flow":null,"grid_area":null,"grid_auto_columns":null,"grid_auto_flow":null,"grid_auto_rows":null,"grid_column":null,"grid_gap":null,"grid_row":null,"grid_template_areas":null,"grid_template_columns":null,"grid_template_rows":null,"height":null,"justify_content":null,"justify_items":null,"left":null,"margin":null,"max_height":null,"max_width":null,"min_height":null,"min_width":null,"object_fit":null,"object_position":null,"order":null,"overflow":null,"padding":null,"right":null,"top":null,"visibility":null,"width":null}},"67b81c3d86e9463d9d25ebb85913a449":{"model_module":"@jupyter-widgets/controls","model_module_version":"2.0.0","model_name":"HTMLModel","state":{"_dom_classes":[],"_model_module":"@jupyter-widgets/controls","_model_module_version":"2.0.0","_model_name":"HTMLModel","_view_count":null,"_view_module":"@jupyter-widgets/controls","_view_module_version":"2.0.0","_view_name":"HTMLView","description":"","description_allow_html":false,"layout":"IPY_MODEL_923c2511720e4b13a5ce417ba174aa45","placeholder":"​","style":"IPY_MODEL_ba040c2693c84c81ae6bda0308d9643d","tabbable":null,"tooltip":null,"value":" 199k/199k [00:01\u0026lt;00:00, 147kB/s]"}},"69aa3d95dc364075a6ca380e00a26750":{"model_module":"@jupyter-widgets/controls","model_module_version":"2.0.0","model_name":"FloatProgressModel","state":{"_dom_classes":[],"_model_module":"@jupyter-widgets/controls","_model_module_version":"2.0.0","_model_name":"FloatProgressModel","_view_count":null,"_view_module":"@jupyter-widgets/controls","_view_module_version":"2.0.0","_view_name":"ProgressView","bar_style":"success","description":"","description_allow_html":false,"layout":"IPY_MODEL_57af8da55dff4e00b7acc70d4e35fb66","max":198942,"min":0,"orientation":"horizontal","style":"IPY_MODEL_4399b2ba0050480ba73d03eb134ea4f2","tabbable":null,"tooltip":null,"value":198942}},"6acbc2e451994849807ce5b458b9cba4":{"model_module":"@jupyter-widgets/base","model_module_version":"2.0.0","model_name":"LayoutModel","state":{"_model_module":"@jupyter-widgets/base","_model_module_version":"2.0.0","_model_name":"LayoutModel","_view_count":null,"_view_module":"@jupyter-widgets/base","_view_module_version":"2.0.0","_view_name":"LayoutView","align_content":null,"align_items":null,"align_self":null,"border_bottom":null,"border_left":null,"border_right":null,"border_top":null,"bottom":null,"display":null,"flex":null,"flex_flow":null,"grid_area":null,"grid_auto_columns":null,"grid_auto_flow":null,"grid_auto_rows":null,"grid_column":null,"grid_gap":null,"grid_row":null,"grid_template_areas":null,"grid_template_columns":null,"grid_template_rows":null,"height":null,"justify_content":null,"justify_items":null,"left":null,"margin":null,"max_height":null,"max_width":null,"min_height":null,"min_width":null,"object_fit":null,"object_position":null,"order":null,"overflow":null,"padding":null,"right":null,"top":null,"visibility":null,"width":null}},"6b011d6f7def4cf8ae62441b906c8df7":{"model_module":"@jupyter-widgets/base","model_module_version":"2.0.0","model_name":"LayoutModel","state":{"_model_module":"@jupyter-widgets/base","_model_module_version":"2.0.0","_model_name":"LayoutModel","_view_count":null,"_view_module":"@jupyter-widgets/base","_view_module_version":"2.0.0","_view_name":"LayoutView","align_content":null,"align_items":null,"align_self":null,"border_bottom":null,"border_left":null,"border_right":null,"border_top":null,"bottom":null,"display":null,"flex":null,"flex_flow":null,"grid_area":null,"grid_auto_columns":null,"grid_auto_flow":null,"grid_auto_rows":null,"grid_column":null,"grid_gap":null,"grid_row":null,"grid_template_areas":null,"grid_template_columns":null,"grid_template_rows":null,"height":null,"justify_content":null,"justify_items":null,"left":null,"margin":null,"max_height":null,"max_width":null,"min_height":null,"min_width":null,"object_fit":null,"object_position":null,"order":null,"overflow":null,"padding":null,"right":null,"top":null,"visibility":null,"width":null}},"6bab8bd7801c48a88540ca4d9bc9c5be":{"model_module":"@jupyter-widgets/base","model_module_version":"2.0.0","model_name":"LayoutModel","state":{"_model_module":"@jupyter-widgets/base","_model_module_version":"2.0.0","_model_name":"LayoutModel","_view_count":null,"_view_module":"@jupyter-widgets/base","_view_module_version":"2.0.0","_view_name":"LayoutView","align_content":null,"align_items":null,"align_self":null,"border_bottom":null,"border_left":null,"border_right":null,"border_top":null,"bottom":null,"display":null,"flex":null,"flex_flow":null,"grid_area":null,"grid_auto_columns":null,"grid_auto_flow":null,"grid_auto_rows":null,"grid_column":null,"grid_gap":null,"grid_row":null,"grid_template_areas":null,"grid_template_columns":null,"grid_template_rows":null,"height":null,"justify_content":null,"justify_items":null,"left":null,"margin":null,"max_height":null,"max_width":null,"min_height":null,"min_width":null,"object_fit":null,"object_position":null,"order":null,"overflow":null,"padding":null,"right":null,"top":null,"visibility":null,"width":null}},"720c457c2a1148f7bfceeacfb602984f":{"model_module":"@jupyter-widgets/controls","model_module_version":"2.0.0","model_name":"HTMLModel","state":{"_dom_classes":[],"_model_module":"@jupyter-widgets/controls","_model_module_version":"2.0.0","_model_name":"HTMLModel","_view_count":null,"_view_module":"@jupyter-widgets/controls","_view_module_version":"2.0.0","_view_name":"HTMLView","description":"","description_allow_html":false,"layout":"IPY_MODEL_15643e64609b4d82aa9427ae152f0e14","placeholder":"​","style":"IPY_MODEL_bf45422dea574fcfbbfbc5ddbd960404","tabbable":null,"tooltip":null,"value":"config.json: 100%"}},"74a3738cdd3d481388cdcc9f72833932":{"model_module":"@jupyter-widgets/controls","model_module_version":"2.0.0","model_name":"HBoxModel","state":{"_dom_classes":[],"_model_module":"@jupyter-widgets/controls","_model_module_version":"2.0.0","_model_name":"HBoxModel","_view_count":null,"_view_module":"@jupyter-widgets/controls","_view_module_version":"2.0.0","_view_name":"HBoxView","box_style":"","children":["IPY_MODEL_f47ca5618fd94ca389a59114000b8f38","IPY_MODEL_559f4ece14e14667bf217df4ca01c7e9","IPY_MODEL_c652236745d345669dd98063460934c5"],"layout":"IPY_MODEL_ca2f5d161ebd4d708a89cce1a06ade29","tabbable":null,"tooltip":null}},"766b8c8d4fc642759b17faec90fb0deb":{"model_module":"@jupyter-widgets/controls","model_module_version":"2.0.0","model_name":"FloatProgressModel","state":{"_dom_classes":[],"_model_module":"@jupyter-widgets/controls","_model_module_version":"2.0.0","_model_name":"FloatProgressModel","_view_count":null,"_view_module":"@jupyter-widgets/controls","_view_module_version":"2.0.0","_view_name":"ProgressView","bar_style":"success","description":"","description_allow_html":false,"layout":"IPY_MODEL_dcffd01740894edca2e6aabc21f32a28","max":513,"min":0,"orientation":"horizontal","style":"IPY_MODEL_8b8b7cce774c4a6eb41e325e6e4002b5","tabbable":null,"tooltip":null,"value":513}},"77a903b47b864acf9aaa038d2745f907":{"model_module":"@jupyter-widgets/controls","model_module_version":"2.0.0","model_name":"ProgressStyleModel","state":{"_model_module":"@jupyter-widgets/controls","_model_module_version":"2.0.0","_model_name":"ProgressStyleModel","_view_count":null,"_view_module":"@jupyter-widgets/base","_view_module_version":"2.0.0","_view_name":"StyleView","bar_color":null,"description_width":""}},"792d6241c8314690afbe357a5c342080":{"model_module":"@jupyter-widgets/controls","model_module_version":"2.0.0","model_name":"HTMLStyleModel","state":{"_model_module":"@jupyter-widgets/controls","_model_module_version":"2.0.0","_model_name":"HTMLStyleModel","_view_count":null,"_view_module":"@jupyter-widgets/base","_view_module_version":"2.0.0","_view_name":"StyleView","background":null,"description_width":"","font_size":null,"text_color":null}},"794c72c146684ed6824cc04eb9429555":{"model_module":"@jupyter-widgets/controls","model_module_version":"2.0.0","model_name":"HTMLModel","state":{"_dom_classes":[],"_model_module":"@jupyter-widgets/controls","_model_module_version":"2.0.0","_model_name":"HTMLModel","_view_count":null,"_view_module":"@jupyter-widgets/controls","_view_module_version":"2.0.0","_view_name":"HTMLView","description":"","description_allow_html":false,"layout":"IPY_MODEL_5fc3bdece0d44ea2b07b9ce4ba58b4c8","placeholder":"​","style":"IPY_MODEL_4a3e410b37f443adbbb70e85b3fefb56","tabbable":null,"tooltip":null,"value":"Generating test split: 100%"}},"7a1f1ce92a7e4330b0f314059e76ed82":{"model_module":"@jupyter-widgets/controls","model_module_version":"2.0.0","model_name":"HTMLStyleModel","state":{"_model_module":"@jupyter-widgets/controls","_model_module_version":"2.0.0","_model_name":"HTMLStyleModel","_view_count":null,"_view_module":"@jupyter-widgets/base","_view_module_version":"2.0.0","_view_name":"StyleView","background":null,"description_width":"","font_size":null,"text_color":null}},"7b3782d653ab43269ee0a9057e8fc334":{"model_module":"@jupyter-widgets/base","model_module_version":"2.0.0","model_name":"LayoutModel","state":{"_model_module":"@jupyter-widgets/base","_model_module_version":"2.0.0","_model_name":"LayoutModel","_view_count":null,"_view_module":"@jupyter-widgets/base","_view_module_version":"2.0.0","_view_name":"LayoutView","align_content":null,"align_items":null,"align_self":null,"border_bottom":null,"border_left":null,"border_right":null,"border_top":null,"bottom":null,"display":null,"flex":null,"flex_flow":null,"grid_area":null,"grid_auto_columns":null,"grid_auto_flow":null,"grid_auto_rows":null,"grid_column":null,"grid_gap":null,"grid_row":null,"grid_template_areas":null,"grid_template_columns":null,"grid_template_rows":null,"height":null,"justify_content":null,"justify_items":null,"left":null,"margin":null,"max_height":null,"max_width":null,"min_height":null,"min_width":null,"object_fit":null,"object_position":null,"order":null,"overflow":null,"padding":null,"right":null,"top":null,"visibility":null,"width":null}},"7db5c10bc8784221aac38b099200e15c":{"model_module":"@jupyter-widgets/controls","model_module_version":"2.0.0","model_name":"HTMLModel","state":{"_dom_classes":[],"_model_module":"@jupyter-widgets/controls","_model_module_version":"2.0.0","_model_name":"HTMLModel","_view_count":null,"_view_module":"@jupyter-widgets/controls","_view_module_version":"2.0.0","_view_name":"HTMLView","description":"","description_allow_html":false,"layout":"IPY_MODEL_05212ffe891c4082afe08bd7115d226a","placeholder":"​","style":"IPY_MODEL_48b3e608215541e2b1dc73c2d83a3c13","tabbable":null,"tooltip":null,"value":" 571/571 [00:00\u0026lt;00:00, 44.7kB/s]"}},"8295456699004abcb38841a9b387dd9d":{"model_module":"@jupyter-widgets/controls","model_module_version":"2.0.0","model_name":"HBoxModel","state":{"_dom_classes":[],"_model_module":"@jupyter-widgets/controls","_model_module_version":"2.0.0","_model_name":"HBoxModel","_view_count":null,"_view_module":"@jupyter-widgets/controls","_view_module_version":"2.0.0","_view_name":"HBoxView","box_style":"","children":["IPY_MODEL_ea796dba18d343e498a6021fc775038d","IPY_MODEL_29446cafda844a148a82dccb97295bb2","IPY_MODEL_b94f017762414b08ba97c24b1cd0abe6"],"layout":"IPY_MODEL_6acbc2e451994849807ce5b458b9cba4","tabbable":null,"tooltip":null}},"855a88913c7b4585be32e373a3fb78e5":{"model_module":"@jupyter-widgets/controls","model_module_version":"2.0.0","model_name":"HTMLStyleModel","state":{"_model_module":"@jupyter-widgets/controls","_model_module_version":"2.0.0","_model_name":"HTMLStyleModel","_view_count":null,"_view_module":"@jupyter-widgets/base","_view_module_version":"2.0.0","_view_name":"StyleView","background":null,"description_width":"","font_size":null,"text_color":null}},"86a9592b1d1240508cf582853a4f9667":{"model_module":"@jupyter-widgets/base","model_module_version":"2.0.0","model_name":"LayoutModel","state":{"_model_module":"@jupyter-widgets/base","_model_module_version":"2.0.0","_model_name":"LayoutModel","_view_count":null,"_view_module":"@jupyter-widgets/base","_view_module_version":"2.0.0","_view_name":"LayoutView","align_content":null,"align_items":null,"align_self":null,"border_bottom":null,"border_left":null,"border_right":null,"border_top":null,"bottom":null,"display":null,"flex":null,"flex_flow":null,"grid_area":null,"grid_auto_columns":null,"grid_auto_flow":null,"grid_auto_rows":null,"grid_column":null,"grid_gap":null,"grid_row":null,"grid_template_areas":null,"grid_template_columns":null,"grid_template_rows":null,"height":null,"justify_content":null,"justify_items":null,"left":null,"margin":null,"max_height":null,"max_width":null,"min_height":null,"min_width":null,"object_fit":null,"object_position":null,"order":null,"overflow":null,"padding":null,"right":null,"top":null,"visibility":null,"width":null}},"8740a69843bf43069b34ecada534f994":{"model_module":"@jupyter-widgets/base","model_module_version":"2.0.0","model_name":"LayoutModel","state":{"_model_module":"@jupyter-widgets/base","_model_module_version":"2.0.0","_model_name":"LayoutModel","_view_count":null,"_view_module":"@jupyter-widgets/base","_view_module_version":"2.0.0","_view_name":"LayoutView","align_content":null,"align_items":null,"align_self":null,"border_bottom":null,"border_left":null,"border_right":null,"border_top":null,"bottom":null,"display":null,"flex":null,"flex_flow":null,"grid_area":null,"grid_auto_columns":null,"grid_auto_flow":null,"grid_auto_rows":null,"grid_column":null,"grid_gap":null,"grid_row":null,"grid_template_areas":null,"grid_template_columns":null,"grid_template_rows":null,"height":null,"justify_content":null,"justify_items":null,"left":null,"margin":null,"max_height":null,"max_width":null,"min_height":null,"min_width":null,"object_fit":null,"object_position":null,"order":null,"overflow":null,"padding":null,"right":null,"top":null,"visibility":null,"width":null}},"888ed1f526cb4082820ef4707633fd51":{"model_module":"@jupyter-widgets/controls","model_module_version":"2.0.0","model_name":"HBoxModel","state":{"_dom_classes":[],"_model_module":"@jupyter-widgets/controls","_model_module_version":"2.0.0","_model_name":"HBoxModel","_view_count":null,"_view_module":"@jupyter-widgets/controls","_view_module_version":"2.0.0","_view_name":"HBoxView","box_style":"","children":["IPY_MODEL_794c72c146684ed6824cc04eb9429555","IPY_MODEL_766b8c8d4fc642759b17faec90fb0deb","IPY_MODEL_23b47d1f318d4511a59e5b0f1d76202f"],"layout":"IPY_MODEL_08d53a7be5b44f3fab9be624046b8c4f","tabbable":null,"tooltip":null}},"88d8cd84f9954add8894169c16291146":{"model_module":"@jupyter-widgets/base","model_module_version":"2.0.0","model_name":"LayoutModel","state":{"_model_module":"@jupyter-widgets/base","_model_module_version":"2.0.0","_model_name":"LayoutModel","_view_count":null,"_view_module":"@jupyter-widgets/base","_view_module_version":"2.0.0","_view_name":"LayoutView","align_content":null,"align_items":null,"align_self":null,"border_bottom":null,"border_left":null,"border_right":null,"border_top":null,"bottom":null,"display":null,"flex":null,"flex_flow":null,"grid_area":null,"grid_auto_columns":null,"grid_auto_flow":null,"grid_auto_rows":null,"grid_column":null,"grid_gap":null,"grid_row":null,"grid_template_areas":null,"grid_template_columns":null,"grid_template_rows":null,"height":null,"justify_content":null,"justify_items":null,"left":null,"margin":null,"max_height":null,"max_width":null,"min_height":null,"min_width":null,"object_fit":null,"object_position":null,"order":null,"overflow":null,"padding":null,"right":null,"top":null,"visibility":null,"width":null}},"8b8b7cce774c4a6eb41e325e6e4002b5":{"model_module":"@jupyter-widgets/controls","model_module_version":"2.0.0","model_name":"ProgressStyleModel","state":{"_model_module":"@jupyter-widgets/controls","_model_module_version":"2.0.0","_model_name":"ProgressStyleModel","_view_count":null,"_view_module":"@jupyter-widgets/base","_view_module_version":"2.0.0","_view_name":"StyleView","bar_color":null,"description_width":""}},"907a3f6c3d8c4f9db6ec5c1b6209f13a":{"model_module":"@jupyter-widgets/controls","model_module_version":"2.0.0","model_name":"HBoxModel","state":{"_dom_classes":[],"_model_module":"@jupyter-widgets/controls","_model_module_version":"2.0.0","_model_name":"HBoxModel","_view_count":null,"_view_module":"@jupyter-widgets/controls","_view_module_version":"2.0.0","_view_name":"HBoxView","box_style":"","children":["IPY_MODEL_f74d39d9574647c6a20aff0fd282dc72","IPY_MODEL_cecec330aa324d5e84be75c2788142de","IPY_MODEL_f266aa46050f4a54b08551044c13f02f"],"layout":"IPY_MODEL_c72f9406c5ea42f4a7293b36dd428d8a","tabbable":null,"tooltip":null}},"909fe0ea2479479bb2aab23175f36644":{"model_module":"@jupyter-widgets/controls","model_module_version":"2.0.0","model_name":"HTMLModel","state":{"_dom_classes":[],"_model_module":"@jupyter-widgets/controls","_model_module_version":"2.0.0","_model_name":"HTMLModel","_view_count":null,"_view_module":"@jupyter-widgets/controls","_view_module_version":"2.0.0","_view_name":"HTMLView","description":"","description_allow_html":false,"layout":"IPY_MODEL_d7409099e97d4601998e8878c9f22fb2","placeholder":"​","style":"IPY_MODEL_2754dde2a6bd4cb78b0c5c29e7bbaed0","tabbable":null,"tooltip":null,"value":"model-00001-of-00002.safetensors: 100%"}},"923c2511720e4b13a5ce417ba174aa45":{"model_module":"@jupyter-widgets/base","model_module_version":"2.0.0","model_name":"LayoutModel","state":{"_model_module":"@jupyter-widgets/base","_model_module_version":"2.0.0","_model_name":"LayoutModel","_view_count":null,"_view_module":"@jupyter-widgets/base","_view_module_version":"2.0.0","_view_name":"LayoutView","align_content":null,"align_items":null,"align_self":null,"border_bottom":null,"border_left":null,"border_right":null,"border_top":null,"bottom":null,"display":null,"flex":null,"flex_flow":null,"grid_area":null,"grid_auto_columns":null,"grid_auto_flow":null,"grid_auto_rows":null,"grid_column":null,"grid_gap":null,"grid_row":null,"grid_template_areas":null,"grid_template_columns":null,"grid_template_rows":null,"height":null,"justify_content":null,"justify_items":null,"left":null,"margin":null,"max_height":null,"max_width":null,"min_height":null,"min_width":null,"object_fit":null,"object_position":null,"order":null,"overflow":null,"padding":null,"right":null,"top":null,"visibility":null,"width":null}},"924b3cd1594d4f94ac95bd31651f4390":{"model_module":"@jupyter-widgets/base","model_module_version":"2.0.0","model_name":"LayoutModel","state":{"_model_module":"@jupyter-widgets/base","_model_module_version":"2.0.0","_model_name":"LayoutModel","_view_count":null,"_view_module":"@jupyter-widgets/base","_view_module_version":"2.0.0","_view_name":"LayoutView","align_content":null,"align_items":null,"align_self":null,"border_bottom":null,"border_left":null,"border_right":null,"border_top":null,"bottom":null,"display":null,"flex":null,"flex_flow":null,"grid_area":null,"grid_auto_columns":null,"grid_auto_flow":null,"grid_auto_rows":null,"grid_column":null,"grid_gap":null,"grid_row":null,"grid_template_areas":null,"grid_template_columns":null,"grid_template_rows":null,"height":null,"justify_content":null,"justify_items":null,"left":null,"margin":null,"max_height":null,"max_width":null,"min_height":null,"min_width":null,"object_fit":null,"object_position":null,"order":null,"overflow":null,"padding":null,"right":null,"top":null,"visibility":null,"width":null}},"9907e66961504753b780902cbf166d1b":{"model_module":"@jupyter-widgets/base","model_module_version":"2.0.0","model_name":"LayoutModel","state":{"_model_module":"@jupyter-widgets/base","_model_module_version":"2.0.0","_model_name":"LayoutModel","_view_count":null,"_view_module":"@jupyter-widgets/base","_view_module_version":"2.0.0","_view_name":"LayoutView","align_content":null,"align_items":null,"align_self":null,"border_bottom":null,"border_left":null,"border_right":null,"border_top":null,"bottom":null,"display":null,"flex":null,"flex_flow":null,"grid_area":null,"grid_auto_columns":null,"grid_auto_flow":null,"grid_auto_rows":null,"grid_column":null,"grid_gap":null,"grid_row":null,"grid_template_areas":null,"grid_template_columns":null,"grid_template_rows":null,"height":null,"justify_content":null,"justify_items":null,"left":null,"margin":null,"max_height":null,"max_width":null,"min_height":null,"min_width":null,"object_fit":null,"object_position":null,"order":null,"overflow":null,"padding":null,"right":null,"top":null,"visibility":null,"width":null}},"9c8f5baa5c9a429f92c8fdb72d48b448":{"model_module":"@jupyter-widgets/controls","model_module_version":"2.0.0","model_name":"HTMLStyleModel","state":{"_model_module":"@jupyter-widgets/controls","_model_module_version":"2.0.0","_model_name":"HTMLStyleModel","_view_count":null,"_view_module":"@jupyter-widgets/base","_view_module_version":"2.0.0","_view_name":"StyleView","background":null,"description_width":"","font_size":null,"text_color":null}},"9f58132e53c149d58d0c97d05197d02b":{"model_module":"@jupyter-widgets/controls","model_module_version":"2.0.0","model_name":"FloatProgressModel","state":{"_dom_classes":[],"_model_module":"@jupyter-widgets/controls","_model_module_version":"2.0.0","_model_name":"FloatProgressModel","_view_count":null,"_view_module":"@jupyter-widgets/controls","_view_module_version":"2.0.0","_view_name":"ProgressView","bar_style":"success","description":"","description_allow_html":false,"layout":"IPY_MODEL_ba1de414eb184831a3e5e712af746b85","max":25125,"min":0,"orientation":"horizontal","style":"IPY_MODEL_f2284d1807b043a2af4faaa9d7808d83","tabbable":null,"tooltip":null,"value":25125}},"a216c762fc0e4792bcb4d3fd73747ab2":{"model_module":"@jupyter-widgets/controls","model_module_version":"2.0.0","model_name":"HTMLModel","state":{"_dom_classes":[],"_model_module":"@jupyter-widgets/controls","_model_module_version":"2.0.0","_model_name":"HTMLModel","_view_count":null,"_view_module":"@jupyter-widgets/controls","_view_module_version":"2.0.0","_view_name":"HTMLView","description":"","description_allow_html":false,"layout":"IPY_MODEL_57421d2d572c4f2bb70e05b89e7390b8","placeholder":"​","style":"IPY_MODEL_bf6074b5368c4d10b30c2ac7429413ec","tabbable":null,"tooltip":null,"value":" 62.3k/62.3k [00:01\u0026lt;00:00, 45.5kB/s]"}},"a2e1a879fccf4960b2c667b2b6ea2d94":{"model_module":"@jupyter-widgets/controls","model_module_version":"2.0.0","model_name":"HTMLStyleModel","state":{"_model_module":"@jupyter-widgets/controls","_model_module_version":"2.0.0","_model_name":"HTMLStyleModel","_view_count":null,"_view_module":"@jupyter-widgets/base","_view_module_version":"2.0.0","_view_name":"StyleView","background":null,"description_width":"","font_size":null,"text_color":null}},"a3b2e09f05b94af2957ed169f34da0b9":{"model_module":"@jupyter-widgets/controls","model_module_version":"2.0.0","model_name":"HTMLModel","state":{"_dom_classes":[],"_model_module":"@jupyter-widgets/controls","_model_module_version":"2.0.0","_model_name":"HTMLModel","_view_count":null,"_view_module":"@jupyter-widgets/controls","_view_module_version":"2.0.0","_view_name":"HTMLView","description":"","description_allow_html":false,"layout":"IPY_MODEL_31cfd9e2dcb7493da179a556ea598d93","placeholder":"​","style":"IPY_MODEL_e1d4e71b4bd74c6eb03970430198da4c","tabbable":null,"tooltip":null,"value":"Loading checkpoint shards: 100%"}},"a55422f1d9c74abfa9e4d11ada071244":{"model_module":"@jupyter-widgets/base","model_module_version":"2.0.0","model_name":"LayoutModel","state":{"_model_module":"@jupyter-widgets/base","_model_module_version":"2.0.0","_model_name":"LayoutModel","_view_count":null,"_view_module":"@jupyter-widgets/base","_view_module_version":"2.0.0","_view_name":"LayoutView","align_content":null,"align_items":null,"align_self":null,"border_bottom":null,"border_left":null,"border_right":null,"border_top":null,"bottom":null,"display":null,"flex":null,"flex_flow":null,"grid_area":null,"grid_auto_columns":null,"grid_auto_flow":null,"grid_auto_rows":null,"grid_column":null,"grid_gap":null,"grid_row":null,"grid_template_areas":null,"grid_template_columns":null,"grid_template_rows":null,"height":null,"justify_content":null,"justify_items":null,"left":null,"margin":null,"max_height":null,"max_width":null,"min_height":null,"min_width":null,"object_fit":null,"object_position":null,"order":null,"overflow":null,"padding":null,"right":null,"top":null,"visibility":null,"width":null}},"a6785397af334fb790c7886472602195":{"model_module":"@jupyter-widgets/controls","model_module_version":"2.0.0","model_name":"HBoxModel","state":{"_dom_classes":[],"_model_module":"@jupyter-widgets/controls","_model_module_version":"2.0.0","_model_name":"HBoxModel","_view_count":null,"_view_module":"@jupyter-widgets/controls","_view_module_version":"2.0.0","_view_name":"HBoxView","box_style":"","children":["IPY_MODEL_a3b2e09f05b94af2957ed169f34da0b9","IPY_MODEL_260a03f4de8e426b86247d2fdf837479","IPY_MODEL_20d7ce686bb84e6cb267dac592053bcd"],"layout":"IPY_MODEL_0edcc6a1777a4b49a74f83ee8d9ea4ce","tabbable":null,"tooltip":null}},"a6cd9147db7344a4b9e245bb0b9f5d32":{"model_module":"@jupyter-widgets/base","model_module_version":"2.0.0","model_name":"LayoutModel","state":{"_model_module":"@jupyter-widgets/base","_model_module_version":"2.0.0","_model_name":"LayoutModel","_view_count":null,"_view_module":"@jupyter-widgets/base","_view_module_version":"2.0.0","_view_name":"LayoutView","align_content":null,"align_items":null,"align_self":null,"border_bottom":null,"border_left":null,"border_right":null,"border_top":null,"bottom":null,"display":null,"flex":null,"flex_flow":null,"grid_area":null,"grid_auto_columns":null,"grid_auto_flow":null,"grid_auto_rows":null,"grid_column":null,"grid_gap":null,"grid_row":null,"grid_template_areas":null,"grid_template_columns":null,"grid_template_rows":null,"height":null,"justify_content":null,"justify_items":null,"left":null,"margin":null,"max_height":null,"max_width":null,"min_height":null,"min_width":null,"object_fit":null,"object_position":null,"order":null,"overflow":null,"padding":null,"right":null,"top":null,"visibility":null,"width":null}},"ae65c3acdf8042ce87ce9986c3142122":{"model_module":"@jupyter-widgets/controls","model_module_version":"2.0.0","model_name":"FloatProgressModel","state":{"_dom_classes":[],"_model_module":"@jupyter-widgets/controls","_model_module_version":"2.0.0","_model_name":"FloatProgressModel","_view_count":null,"_view_module":"@jupyter-widgets/controls","_view_module_version":"2.0.0","_view_name":"ProgressView","bar_style":"success","description":"","description_allow_html":false,"layout":"IPY_MODEL_8740a69843bf43069b34ecada534f994","max":116,"min":0,"orientation":"horizontal","style":"IPY_MODEL_5f7f2b1f493a4471b088b14fb0b16e4e","tabbable":null,"tooltip":null,"value":116}},"afc3850fe35847a3a95459f321493a3d":{"model_module":"@jupyter-widgets/controls","model_module_version":"2.0.0","model_name":"FloatProgressModel","state":{"_dom_classes":[],"_model_module":"@jupyter-widgets/controls","_model_module_version":"2.0.0","_model_name":"FloatProgressModel","_view_count":null,"_view_module":"@jupyter-widgets/controls","_view_module_version":"2.0.0","_view_name":"ProgressView","bar_style":"success","description":"","description_allow_html":false,"layout":"IPY_MODEL_3163ebc782254ac58cd8e8811645f157","max":62258,"min":0,"orientation":"horizontal","style":"IPY_MODEL_c5bf643e029148b1b3d6f63ef2c3fad1","tabbable":null,"tooltip":null,"value":62258}},"b209a22b7ece4476a212e71ad02b63a9":{"model_module":"@jupyter-widgets/controls","model_module_version":"2.0.0","model_name":"HBoxModel","state":{"_dom_classes":[],"_model_module":"@jupyter-widgets/controls","_model_module_version":"2.0.0","_model_name":"HBoxModel","_view_count":null,"_view_module":"@jupyter-widgets/controls","_view_module_version":"2.0.0","_view_name":"HBoxView","box_style":"","children":["IPY_MODEL_c9dd85c663c545219e289bfb23449a80","IPY_MODEL_69aa3d95dc364075a6ca380e00a26750","IPY_MODEL_67b81c3d86e9463d9d25ebb85913a449"],"layout":"IPY_MODEL_48a16b96a8bc4236890779be962a7f54","tabbable":null,"tooltip":null}},"b30c167b3c024cd3868b62a374aad79d":{"model_module":"@jupyter-widgets/controls","model_module_version":"2.0.0","model_name":"ProgressStyleModel","state":{"_model_module":"@jupyter-widgets/controls","_model_module_version":"2.0.0","_model_name":"ProgressStyleModel","_view_count":null,"_view_module":"@jupyter-widgets/base","_view_module_version":"2.0.0","_view_name":"StyleView","bar_color":null,"description_width":""}},"b3d2bb1f1fa24a1c9733743fb0ab223e":{"model_module":"@jupyter-widgets/controls","model_module_version":"2.0.0","model_name":"HTMLStyleModel","state":{"_model_module":"@jupyter-widgets/controls","_model_module_version":"2.0.0","_model_name":"HTMLStyleModel","_view_count":null,"_view_module":"@jupyter-widgets/base","_view_module_version":"2.0.0","_view_name":"StyleView","background":null,"description_width":"","font_size":null,"text_color":null}},"b75a47a723f54384a92516e58decf762":{"model_module":"@jupyter-widgets/base","model_module_version":"2.0.0","model_name":"LayoutModel","state":{"_model_module":"@jupyter-widgets/base","_model_module_version":"2.0.0","_model_name":"LayoutModel","_view_count":null,"_view_module":"@jupyter-widgets/base","_view_module_version":"2.0.0","_view_name":"LayoutView","align_content":null,"align_items":null,"align_self":null,"border_bottom":null,"border_left":null,"border_right":null,"border_top":null,"bottom":null,"display":null,"flex":null,"flex_flow":null,"grid_area":null,"grid_auto_columns":null,"grid_auto_flow":null,"grid_auto_rows":null,"grid_column":null,"grid_gap":null,"grid_row":null,"grid_template_areas":null,"grid_template_columns":null,"grid_template_rows":null,"height":null,"justify_content":null,"justify_items":null,"left":null,"margin":null,"max_height":null,"max_width":null,"min_height":null,"min_width":null,"object_fit":null,"object_position":null,"order":null,"overflow":null,"padding":null,"right":null,"top":null,"visibility":null,"width":null}},"b793035f28e249178e65e77d3cb8e1e0":{"model_module":"@jupyter-widgets/base","model_module_version":"2.0.0","model_name":"LayoutModel","state":{"_model_module":"@jupyter-widgets/base","_model_module_version":"2.0.0","_model_name":"LayoutModel","_view_count":null,"_view_module":"@jupyter-widgets/base","_view_module_version":"2.0.0","_view_name":"LayoutView","align_content":null,"align_items":null,"align_self":null,"border_bottom":null,"border_left":null,"border_right":null,"border_top":null,"bottom":null,"display":null,"flex":null,"flex_flow":null,"grid_area":null,"grid_auto_columns":null,"grid_auto_flow":null,"grid_auto_rows":null,"grid_column":null,"grid_gap":null,"grid_row":null,"grid_template_areas":null,"grid_template_columns":null,"grid_template_rows":null,"height":null,"justify_content":null,"justify_items":null,"left":null,"margin":null,"max_height":null,"max_width":null,"min_height":null,"min_width":null,"object_fit":null,"object_position":null,"order":null,"overflow":null,"padding":null,"right":null,"top":null,"visibility":null,"width":null}},"b88221690fa34fe6a7fcb07831b7df05":{"model_module":"@jupyter-widgets/controls","model_module_version":"2.0.0","model_name":"HTMLModel","state":{"_dom_classes":[],"_model_module":"@jupyter-widgets/controls","_model_module_version":"2.0.0","_model_name":"HTMLModel","_view_count":null,"_view_module":"@jupyter-widgets/controls","_view_module_version":"2.0.0","_view_name":"HTMLView","description":"","description_allow_html":false,"layout":"IPY_MODEL_3670a8d9b7fb49daad84f6a567798c59","placeholder":"​","style":"IPY_MODEL_c95eb73c89b34000a64040c477a12eda","tabbable":null,"tooltip":null,"value":" 257/257 [00:00\u0026lt;00:00, 15145.93 examples/s]"}},"b918d151171d4bebb0ee647bb8646e1e":{"model_module":"@jupyter-widgets/base","model_module_version":"2.0.0","model_name":"LayoutModel","state":{"_model_module":"@jupyter-widgets/base","_model_module_version":"2.0.0","_model_name":"LayoutModel","_view_count":null,"_view_module":"@jupyter-widgets/base","_view_module_version":"2.0.0","_view_name":"LayoutView","align_content":null,"align_items":null,"align_self":null,"border_bottom":null,"border_left":null,"border_right":null,"border_top":null,"bottom":null,"display":null,"flex":null,"flex_flow":null,"grid_area":null,"grid_auto_columns":null,"grid_auto_flow":null,"grid_auto_rows":null,"grid_column":null,"grid_gap":null,"grid_row":null,"grid_template_areas":null,"grid_template_columns":null,"grid_template_rows":null,"height":null,"justify_content":null,"justify_items":null,"left":null,"margin":null,"max_height":null,"max_width":null,"min_height":null,"min_width":null,"object_fit":null,"object_position":null,"order":null,"overflow":null,"padding":null,"right":null,"top":null,"visibility":null,"width":null}},"b94f017762414b08ba97c24b1cd0abe6":{"model_module":"@jupyter-widgets/controls","model_module_version":"2.0.0","model_name":"HTMLModel","state":{"_dom_classes":[],"_model_module":"@jupyter-widgets/controls","_model_module_version":"2.0.0","_model_name":"HTMLModel","_view_count":null,"_view_module":"@jupyter-widgets/controls","_view_module_version":"2.0.0","_view_name":"HTMLView","description":"","description_allow_html":false,"layout":"IPY_MODEL_a6cd9147db7344a4b9e245bb0b9f5d32","placeholder":"​","style":"IPY_MODEL_5a50b63d00424dbba1ad8b6992a9dc24","tabbable":null,"tooltip":null,"value":" 1795/1795 [00:01\u0026lt;00:00, 1163.94 examples/s]"}},"ba040c2693c84c81ae6bda0308d9643d":{"model_module":"@jupyter-widgets/controls","model_module_version":"2.0.0","model_name":"HTMLStyleModel","state":{"_model_module":"@jupyter-widgets/controls","_model_module_version":"2.0.0","_model_name":"HTMLStyleModel","_view_count":null,"_view_module":"@jupyter-widgets/base","_view_module_version":"2.0.0","_view_name":"StyleView","background":null,"description_width":"","font_size":null,"text_color":null}},"ba1de414eb184831a3e5e712af746b85":{"model_module":"@jupyter-widgets/base","model_module_version":"2.0.0","model_name":"LayoutModel","state":{"_model_module":"@jupyter-widgets/base","_model_module_version":"2.0.0","_model_name":"LayoutModel","_view_count":null,"_view_module":"@jupyter-widgets/base","_view_module_version":"2.0.0","_view_name":"LayoutView","align_content":null,"align_items":null,"align_self":null,"border_bottom":null,"border_left":null,"border_right":null,"border_top":null,"bottom":null,"display":null,"flex":null,"flex_flow":null,"grid_area":null,"grid_auto_columns":null,"grid_auto_flow":null,"grid_auto_rows":null,"grid_column":null,"grid_gap":null,"grid_row":null,"grid_template_areas":null,"grid_template_columns":null,"grid_template_rows":null,"height":null,"justify_content":null,"justify_items":null,"left":null,"margin":null,"max_height":null,"max_width":null,"min_height":null,"min_width":null,"object_fit":null,"object_position":null,"order":null,"overflow":null,"padding":null,"right":null,"top":null,"visibility":null,"width":null}},"bbdbc7fc6a5d49dd95bfe0ccf75a5df4":{"model_module":"@jupyter-widgets/base","model_module_version":"2.0.0","model_name":"LayoutModel","state":{"_model_module":"@jupyter-widgets/base","_model_module_version":"2.0.0","_model_name":"LayoutModel","_view_count":null,"_view_module":"@jupyter-widgets/base","_view_module_version":"2.0.0","_view_name":"LayoutView","align_content":null,"align_items":null,"align_self":null,"border_bottom":null,"border_left":null,"border_right":null,"border_top":null,"bottom":null,"display":null,"flex":null,"flex_flow":null,"grid_area":null,"grid_auto_columns":null,"grid_auto_flow":null,"grid_auto_rows":null,"grid_column":null,"grid_gap":null,"grid_row":null,"grid_template_areas":null,"grid_template_columns":null,"grid_template_rows":null,"height":null,"justify_content":null,"justify_items":null,"left":null,"margin":null,"max_height":null,"max_width":null,"min_height":null,"min_width":null,"object_fit":null,"object_position":null,"order":null,"overflow":null,"padding":null,"right":null,"top":null,"visibility":null,"width":null}},"bc4ec189202a41caa421e28f35bd611e":{"model_module":"@jupyter-widgets/base","model_module_version":"2.0.0","model_name":"LayoutModel","state":{"_model_module":"@jupyter-widgets/base","_model_module_version":"2.0.0","_model_name":"LayoutModel","_view_count":null,"_view_module":"@jupyter-widgets/base","_view_module_version":"2.0.0","_view_name":"LayoutView","align_content":null,"align_items":null,"align_self":null,"border_bottom":null,"border_left":null,"border_right":null,"border_top":null,"bottom":null,"display":null,"flex":null,"flex_flow":null,"grid_area":null,"grid_auto_columns":null,"grid_auto_flow":null,"grid_auto_rows":null,"grid_column":null,"grid_gap":null,"grid_row":null,"grid_template_areas":null,"grid_template_columns":null,"grid_template_rows":null,"height":null,"justify_content":null,"justify_items":null,"left":null,"margin":null,"max_height":null,"max_width":null,"min_height":null,"min_width":null,"object_fit":null,"object_position":null,"order":null,"overflow":null,"padding":null,"right":null,"top":null,"visibility":null,"width":null}},"bc72b404fd214b1b858080b75695ba28":{"model_module":"@jupyter-widgets/controls","model_module_version":"2.0.0","model_name":"FloatProgressModel","state":{"_dom_classes":[],"_model_module":"@jupyter-widgets/controls","_model_module_version":"2.0.0","_model_name":"FloatProgressModel","_view_count":null,"_view_module":"@jupyter-widgets/controls","_view_module_version":"2.0.0","_view_name":"ProgressView","bar_style":"success","description":"","description_allow_html":false,"layout":"IPY_MODEL_361847b4ee9c44c5a6218e86f77450ec","max":1795,"min":0,"orientation":"horizontal","style":"IPY_MODEL_5d1c5f6d07574ce78cadff5380cd3197","tabbable":null,"tooltip":null,"value":1795}},"be661be46ef14cdf9208aa83d56bdfec":{"model_module":"@jupyter-widgets/controls","model_module_version":"2.0.0","model_name":"HTMLStyleModel","state":{"_model_module":"@jupyter-widgets/controls","_model_module_version":"2.0.0","_model_name":"HTMLStyleModel","_view_count":null,"_view_module":"@jupyter-widgets/base","_view_module_version":"2.0.0","_view_name":"StyleView","background":null,"description_width":"","font_size":null,"text_color":null}},"bf45422dea574fcfbbfbc5ddbd960404":{"model_module":"@jupyter-widgets/controls","model_module_version":"2.0.0","model_name":"HTMLStyleModel","state":{"_model_module":"@jupyter-widgets/controls","_model_module_version":"2.0.0","_model_name":"HTMLStyleModel","_view_count":null,"_view_module":"@jupyter-widgets/base","_view_module_version":"2.0.0","_view_name":"StyleView","background":null,"description_width":"","font_size":null,"text_color":null}},"bf6074b5368c4d10b30c2ac7429413ec":{"model_module":"@jupyter-widgets/controls","model_module_version":"2.0.0","model_name":"HTMLStyleModel","state":{"_model_module":"@jupyter-widgets/controls","_model_module_version":"2.0.0","_model_name":"HTMLStyleModel","_view_count":null,"_view_module":"@jupyter-widgets/base","_view_module_version":"2.0.0","_view_name":"StyleView","background":null,"description_width":"","font_size":null,"text_color":null}},"c1209f31158f429a9e1e752e52d6c470":{"model_module":"@jupyter-widgets/controls","model_module_version":"2.0.0","model_name":"HTMLStyleModel","state":{"_model_module":"@jupyter-widgets/controls","_model_module_version":"2.0.0","_model_name":"HTMLStyleModel","_view_count":null,"_view_module":"@jupyter-widgets/base","_view_module_version":"2.0.0","_view_name":"StyleView","background":null,"description_width":"","font_size":null,"text_color":null}},"c2bc12e330d14264ab3a51dcdf055ba9":{"model_module":"@jupyter-widgets/base","model_module_version":"2.0.0","model_name":"LayoutModel","state":{"_model_module":"@jupyter-widgets/base","_model_module_version":"2.0.0","_model_name":"LayoutModel","_view_count":null,"_view_module":"@jupyter-widgets/base","_view_module_version":"2.0.0","_view_name":"LayoutView","align_content":null,"align_items":null,"align_self":null,"border_bottom":null,"border_left":null,"border_right":null,"border_top":null,"bottom":null,"display":null,"flex":null,"flex_flow":null,"grid_area":null,"grid_auto_columns":null,"grid_auto_flow":null,"grid_auto_rows":null,"grid_column":null,"grid_gap":null,"grid_row":null,"grid_template_areas":null,"grid_template_columns":null,"grid_template_rows":null,"height":null,"justify_content":null,"justify_items":null,"left":null,"margin":null,"max_height":null,"max_width":null,"min_height":null,"min_width":null,"object_fit":null,"object_position":null,"order":null,"overflow":null,"padding":null,"right":null,"top":null,"visibility":null,"width":null}},"c5bf643e029148b1b3d6f63ef2c3fad1":{"model_module":"@jupyter-widgets/controls","model_module_version":"2.0.0","model_name":"ProgressStyleModel","state":{"_model_module":"@jupyter-widgets/controls","_model_module_version":"2.0.0","_model_name":"ProgressStyleModel","_view_count":null,"_view_module":"@jupyter-widgets/base","_view_module_version":"2.0.0","_view_name":"StyleView","bar_color":null,"description_width":""}},"c6350faf755b412f9e836e47ed4b5743":{"model_module":"@jupyter-widgets/base","model_module_version":"2.0.0","model_name":"LayoutModel","state":{"_model_module":"@jupyter-widgets/base","_model_module_version":"2.0.0","_model_name":"LayoutModel","_view_count":null,"_view_module":"@jupyter-widgets/base","_view_module_version":"2.0.0","_view_name":"LayoutView","align_content":null,"align_items":null,"align_self":null,"border_bottom":null,"border_left":null,"border_right":null,"border_top":null,"bottom":null,"display":null,"flex":null,"flex_flow":null,"grid_area":null,"grid_auto_columns":null,"grid_auto_flow":null,"grid_auto_rows":null,"grid_column":null,"grid_gap":null,"grid_row":null,"grid_template_areas":null,"grid_template_columns":null,"grid_template_rows":null,"height":null,"justify_content":null,"justify_items":null,"left":null,"margin":null,"max_height":null,"max_width":null,"min_height":null,"min_width":null,"object_fit":null,"object_position":null,"order":null,"overflow":null,"padding":null,"right":null,"top":null,"visibility":null,"width":null}},"c63c4386438848409c63a47b3bbb8ddf":{"model_module":"@jupyter-widgets/controls","model_module_version":"2.0.0","model_name":"HBoxModel","state":{"_dom_classes":[],"_model_module":"@jupyter-widgets/controls","_model_module_version":"2.0.0","_model_name":"HBoxModel","_view_count":null,"_view_module":"@jupyter-widgets/controls","_view_module_version":"2.0.0","_view_name":"HBoxView","box_style":"","children":["IPY_MODEL_503e649821de4b50bf24b40cbc44ca04","IPY_MODEL_afc3850fe35847a3a95459f321493a3d","IPY_MODEL_a216c762fc0e4792bcb4d3fd73747ab2"],"layout":"IPY_MODEL_86a9592b1d1240508cf582853a4f9667","tabbable":null,"tooltip":null}},"c652236745d345669dd98063460934c5":{"model_module":"@jupyter-widgets/controls","model_module_version":"2.0.0","model_name":"HTMLModel","state":{"_dom_classes":[],"_model_module":"@jupyter-widgets/controls","_model_module_version":"2.0.0","_model_name":"HTMLModel","_view_count":null,"_view_module":"@jupyter-widgets/controls","_view_module_version":"2.0.0","_view_name":"HTMLView","description":"","description_allow_html":false,"layout":"IPY_MODEL_27d54de89dcd44aaa0315fc96e048120","placeholder":"​","style":"IPY_MODEL_10e89ffd7883406889a8984862562174","tabbable":null,"tooltip":null,"value":" 2/2 [01:06\u0026lt;00:00, 30.90s/it]"}},"c72f9406c5ea42f4a7293b36dd428d8a":{"model_module":"@jupyter-widgets/base","model_module_version":"2.0.0","model_name":"LayoutModel","state":{"_model_module":"@jupyter-widgets/base","_model_module_version":"2.0.0","_model_name":"LayoutModel","_view_count":null,"_view_module":"@jupyter-widgets/base","_view_module_version":"2.0.0","_view_name":"LayoutView","align_content":null,"align_items":null,"align_self":null,"border_bottom":null,"border_left":null,"border_right":null,"border_top":null,"bottom":null,"display":null,"flex":null,"flex_flow":null,"grid_area":null,"grid_auto_columns":null,"grid_auto_flow":null,"grid_auto_rows":null,"grid_column":null,"grid_gap":null,"grid_row":null,"grid_template_areas":null,"grid_template_columns":null,"grid_template_rows":null,"height":null,"justify_content":null,"justify_items":null,"left":null,"margin":null,"max_height":null,"max_width":null,"min_height":null,"min_width":null,"object_fit":null,"object_position":null,"order":null,"overflow":null,"padding":null,"right":null,"top":null,"visibility":null,"width":null}},"c95eb73c89b34000a64040c477a12eda":{"model_module":"@jupyter-widgets/controls","model_module_version":"2.0.0","model_name":"HTMLStyleModel","state":{"_model_module":"@jupyter-widgets/controls","_model_module_version":"2.0.0","_model_name":"HTMLStyleModel","_view_count":null,"_view_module":"@jupyter-widgets/base","_view_module_version":"2.0.0","_view_name":"StyleView","background":null,"description_width":"","font_size":null,"text_color":null}},"c9dd85c663c545219e289bfb23449a80":{"model_module":"@jupyter-widgets/controls","model_module_version":"2.0.0","model_name":"HTMLModel","state":{"_dom_classes":[],"_model_module":"@jupyter-widgets/controls","_model_module_version":"2.0.0","_model_name":"HTMLModel","_view_count":null,"_view_module":"@jupyter-widgets/controls","_view_module_version":"2.0.0","_view_name":"HTMLView","description":"","description_allow_html":false,"layout":"IPY_MODEL_0d899b3d22764a59bb5dffe617f52cf7","placeholder":"​","style":"IPY_MODEL_defac84a7a924137b5d1762609238ca0","tabbable":null,"tooltip":null,"value":"Downloading data: 100%"}},"ca2f5d161ebd4d708a89cce1a06ade29":{"model_module":"@jupyter-widgets/base","model_module_version":"2.0.0","model_name":"LayoutModel","state":{"_model_module":"@jupyter-widgets/base","_model_module_version":"2.0.0","_model_name":"LayoutModel","_view_count":null,"_view_module":"@jupyter-widgets/base","_view_module_version":"2.0.0","_view_name":"LayoutView","align_content":null,"align_items":null,"align_self":null,"border_bottom":null,"border_left":null,"border_right":null,"border_top":null,"bottom":null,"display":null,"flex":null,"flex_flow":null,"grid_area":null,"grid_auto_columns":null,"grid_auto_flow":null,"grid_auto_rows":null,"grid_column":null,"grid_gap":null,"grid_row":null,"grid_template_areas":null,"grid_template_columns":null,"grid_template_rows":null,"height":null,"justify_content":null,"justify_items":null,"left":null,"margin":null,"max_height":null,"max_width":null,"min_height":null,"min_width":null,"object_fit":null,"object_position":null,"order":null,"overflow":null,"padding":null,"right":null,"top":null,"visibility":null,"width":null}},"cc415fbd6ddf4535ad4987ebb598ac0b":{"model_module":"@jupyter-widgets/controls","model_module_version":"2.0.0","model_name":"HTMLModel","state":{"_dom_classes":[],"_model_module":"@jupyter-widgets/controls","_model_module_version":"2.0.0","_model_name":"HTMLModel","_view_count":null,"_view_module":"@jupyter-widgets/controls","_view_module_version":"2.0.0","_view_name":"HTMLView","description":"","description_allow_html":false,"layout":"IPY_MODEL_b75a47a723f54384a92516e58decf762","placeholder":"​","style":"IPY_MODEL_7a1f1ce92a7e4330b0f314059e76ed82","tabbable":null,"tooltip":null,"value":" 35.9k/35.9k [00:01\u0026lt;00:00, 31.0kB/s]"}},"cdfdad1f291e48de93f181a57762ee5d":{"model_module":"@jupyter-widgets/controls","model_module_version":"2.0.0","model_name":"HTMLModel","state":{"_dom_classes":[],"_model_module":"@jupyter-widgets/controls","_model_module_version":"2.0.0","_model_name":"HTMLModel","_view_count":null,"_view_module":"@jupyter-widgets/controls","_view_module_version":"2.0.0","_view_name":"HTMLView","description":"","description_allow_html":false,"layout":"IPY_MODEL_495ce205afff4ffc9628f06fe7cb590b","placeholder":"​","style":"IPY_MODEL_095829eda5324333a011f658918c98ed","tabbable":null,"tooltip":null,"value":"model.safetensors.index.json: 100%"}},"ce9268f98736480fae2d80324f0ea6c2":{"model_module":"@jupyter-widgets/base","model_module_version":"2.0.0","model_name":"LayoutModel","state":{"_model_module":"@jupyter-widgets/base","_model_module_version":"2.0.0","_model_name":"LayoutModel","_view_count":null,"_view_module":"@jupyter-widgets/base","_view_module_version":"2.0.0","_view_name":"LayoutView","align_content":null,"align_items":null,"align_self":null,"border_bottom":null,"border_left":null,"border_right":null,"border_top":null,"bottom":null,"display":null,"flex":null,"flex_flow":null,"grid_area":null,"grid_auto_columns":null,"grid_auto_flow":null,"grid_auto_rows":null,"grid_column":null,"grid_gap":null,"grid_row":null,"grid_template_areas":null,"grid_template_columns":null,"grid_template_rows":null,"height":null,"justify_content":null,"justify_items":null,"left":null,"margin":null,"max_height":null,"max_width":null,"min_height":null,"min_width":null,"object_fit":null,"object_position":null,"order":null,"overflow":null,"padding":null,"right":null,"top":null,"visibility":null,"width":null}},"cecec330aa324d5e84be75c2788142de":{"model_module":"@jupyter-widgets/controls","model_module_version":"2.0.0","model_name":"FloatProgressModel","state":{"_dom_classes":[],"_model_module":"@jupyter-widgets/controls","_model_module_version":"2.0.0","_model_name":"FloatProgressModel","_view_count":null,"_view_module":"@jupyter-widgets/controls","_view_module_version":"2.0.0","_view_name":"ProgressView","bar_style":"success","description":"","description_allow_html":false,"layout":"IPY_MODEL_f36cb79d9d464fb29784bb4f5154cfbc","max":257,"min":0,"orientation":"horizontal","style":"IPY_MODEL_77a903b47b864acf9aaa038d2745f907","tabbable":null,"tooltip":null,"value":257}},"d1c86cc280bb46fc9e447d38fd2a2b75":{"model_module":"@jupyter-widgets/base","model_module_version":"2.0.0","model_name":"LayoutModel","state":{"_model_module":"@jupyter-widgets/base","_model_module_version":"2.0.0","_model_name":"LayoutModel","_view_count":null,"_view_module":"@jupyter-widgets/base","_view_module_version":"2.0.0","_view_name":"LayoutView","align_content":null,"align_items":null,"align_self":null,"border_bottom":null,"border_left":null,"border_right":null,"border_top":null,"bottom":null,"display":null,"flex":null,"flex_flow":null,"grid_area":null,"grid_auto_columns":null,"grid_auto_flow":null,"grid_auto_rows":null,"grid_column":null,"grid_gap":null,"grid_row":null,"grid_template_areas":null,"grid_template_columns":null,"grid_template_rows":null,"height":null,"justify_content":null,"justify_items":null,"left":null,"margin":null,"max_height":null,"max_width":null,"min_height":null,"min_width":null,"object_fit":null,"object_position":null,"order":null,"overflow":null,"padding":null,"right":null,"top":null,"visibility":null,"width":null}},"d2b863fd36aa42dfb48f5b1558b020dd":{"model_module":"@jupyter-widgets/base","model_module_version":"2.0.0","model_name":"LayoutModel","state":{"_model_module":"@jupyter-widgets/base","_model_module_version":"2.0.0","_model_name":"LayoutModel","_view_count":null,"_view_module":"@jupyter-widgets/base","_view_module_version":"2.0.0","_view_name":"LayoutView","align_content":null,"align_items":null,"align_self":null,"border_bottom":null,"border_left":null,"border_right":null,"border_top":null,"bottom":null,"display":null,"flex":null,"flex_flow":null,"grid_area":null,"grid_auto_columns":null,"grid_auto_flow":null,"grid_auto_rows":null,"grid_column":null,"grid_gap":null,"grid_row":null,"grid_template_areas":null,"grid_template_columns":null,"grid_template_rows":null,"height":null,"justify_content":null,"justify_items":null,"left":null,"margin":null,"max_height":null,"max_width":null,"min_height":null,"min_width":null,"object_fit":null,"object_position":null,"order":null,"overflow":null,"padding":null,"right":null,"top":null,"visibility":null,"width":null}},"d2fbc482749e4dbcb5c488cdd78e5592":{"model_module":"@jupyter-widgets/controls","model_module_version":"2.0.0","model_name":"HTMLModel","state":{"_dom_classes":[],"_model_module":"@jupyter-widgets/controls","_model_module_version":"2.0.0","_model_name":"HTMLModel","_view_count":null,"_view_module":"@jupyter-widgets/controls","_view_module_version":"2.0.0","_view_name":"HTMLView","description":"","description_allow_html":false,"layout":"IPY_MODEL_4fde8db397cf469bacdcca20e98ad15a","placeholder":"​","style":"IPY_MODEL_3aef63c4c36e4f8bbace981ae505efbc","tabbable":null,"tooltip":null,"value":" 4.54G/4.54G [00:17\u0026lt;00:00, 317MB/s]"}},"d3ab9d69fff547be889e45f836c2d9bd":{"model_module":"@jupyter-widgets/controls","model_module_version":"2.0.0","model_name":"HTMLStyleModel","state":{"_model_module":"@jupyter-widgets/controls","_model_module_version":"2.0.0","_model_name":"HTMLStyleModel","_view_count":null,"_view_module":"@jupyter-widgets/base","_view_module_version":"2.0.0","_view_name":"StyleView","background":null,"description_width":"","font_size":null,"text_color":null}},"d72edc2d6ebf403a9cf4a2290e1b465d":{"model_module":"@jupyter-widgets/base","model_module_version":"2.0.0","model_name":"LayoutModel","state":{"_model_module":"@jupyter-widgets/base","_model_module_version":"2.0.0","_model_name":"LayoutModel","_view_count":null,"_view_module":"@jupyter-widgets/base","_view_module_version":"2.0.0","_view_name":"LayoutView","align_content":null,"align_items":null,"align_self":null,"border_bottom":null,"border_left":null,"border_right":null,"border_top":null,"bottom":null,"display":null,"flex":null,"flex_flow":null,"grid_area":null,"grid_auto_columns":null,"grid_auto_flow":null,"grid_auto_rows":null,"grid_column":null,"grid_gap":null,"grid_row":null,"grid_template_areas":null,"grid_template_columns":null,"grid_template_rows":null,"height":null,"justify_content":null,"justify_items":null,"left":null,"margin":null,"max_height":null,"max_width":null,"min_height":null,"min_width":null,"object_fit":null,"object_position":null,"order":null,"overflow":null,"padding":null,"right":null,"top":null,"visibility":null,"width":null}},"d7409099e97d4601998e8878c9f22fb2":{"model_module":"@jupyter-widgets/base","model_module_version":"2.0.0","model_name":"LayoutModel","state":{"_model_module":"@jupyter-widgets/base","_model_module_version":"2.0.0","_model_name":"LayoutModel","_view_count":null,"_view_module":"@jupyter-widgets/base","_view_module_version":"2.0.0","_view_name":"LayoutView","align_content":null,"align_items":null,"align_self":null,"border_bottom":null,"border_left":null,"border_right":null,"border_top":null,"bottom":null,"display":null,"flex":null,"flex_flow":null,"grid_area":null,"grid_auto_columns":null,"grid_auto_flow":null,"grid_auto_rows":null,"grid_column":null,"grid_gap":null,"grid_row":null,"grid_template_areas":null,"grid_template_columns":null,"grid_template_rows":null,"height":null,"justify_content":null,"justify_items":null,"left":null,"margin":null,"max_height":null,"max_width":null,"min_height":null,"min_width":null,"object_fit":null,"object_position":null,"order":null,"overflow":null,"padding":null,"right":null,"top":null,"visibility":null,"width":null}},"dae1013563224791a488301fe9ed732e":{"model_module":"@jupyter-widgets/controls","model_module_version":"2.0.0","model_name":"ProgressStyleModel","state":{"_model_module":"@jupyter-widgets/controls","_model_module_version":"2.0.0","_model_name":"ProgressStyleModel","_view_count":null,"_view_module":"@jupyter-widgets/base","_view_module_version":"2.0.0","_view_name":"StyleView","bar_color":null,"description_width":""}},"dcffd01740894edca2e6aabc21f32a28":{"model_module":"@jupyter-widgets/base","model_module_version":"2.0.0","model_name":"LayoutModel","state":{"_model_module":"@jupyter-widgets/base","_model_module_version":"2.0.0","_model_name":"LayoutModel","_view_count":null,"_view_module":"@jupyter-widgets/base","_view_module_version":"2.0.0","_view_name":"LayoutView","align_content":null,"align_items":null,"align_self":null,"border_bottom":null,"border_left":null,"border_right":null,"border_top":null,"bottom":null,"display":null,"flex":null,"flex_flow":null,"grid_area":null,"grid_auto_columns":null,"grid_auto_flow":null,"grid_auto_rows":null,"grid_column":null,"grid_gap":null,"grid_row":null,"grid_template_areas":null,"grid_template_columns":null,"grid_template_rows":null,"height":null,"justify_content":null,"justify_items":null,"left":null,"margin":null,"max_height":null,"max_width":null,"min_height":null,"min_width":null,"object_fit":null,"object_position":null,"order":null,"overflow":null,"padding":null,"right":null,"top":null,"visibility":null,"width":null}},"ddf508dbf6b94983b7eb7b0e7cf82d4d":{"model_module":"@jupyter-widgets/base","model_module_version":"2.0.0","model_name":"LayoutModel","state":{"_model_module":"@jupyter-widgets/base","_model_module_version":"2.0.0","_model_name":"LayoutModel","_view_count":null,"_view_module":"@jupyter-widgets/base","_view_module_version":"2.0.0","_view_name":"LayoutView","align_content":null,"align_items":null,"align_self":null,"border_bottom":null,"border_left":null,"border_right":null,"border_top":null,"bottom":null,"display":null,"flex":null,"flex_flow":null,"grid_area":null,"grid_auto_columns":null,"grid_auto_flow":null,"grid_auto_rows":null,"grid_column":null,"grid_gap":null,"grid_row":null,"grid_template_areas":null,"grid_template_columns":null,"grid_template_rows":null,"height":null,"justify_content":null,"justify_items":null,"left":null,"margin":null,"max_height":null,"max_width":null,"min_height":null,"min_width":null,"object_fit":null,"object_position":null,"order":null,"overflow":null,"padding":null,"right":null,"top":null,"visibility":null,"width":null}},"defac84a7a924137b5d1762609238ca0":{"model_module":"@jupyter-widgets/controls","model_module_version":"2.0.0","model_name":"HTMLStyleModel","state":{"_model_module":"@jupyter-widgets/controls","_model_module_version":"2.0.0","_model_name":"HTMLStyleModel","_view_count":null,"_view_module":"@jupyter-widgets/base","_view_module_version":"2.0.0","_view_name":"StyleView","background":null,"description_width":"","font_size":null,"text_color":null}},"e1d4e71b4bd74c6eb03970430198da4c":{"model_module":"@jupyter-widgets/controls","model_module_version":"2.0.0","model_name":"HTMLStyleModel","state":{"_model_module":"@jupyter-widgets/controls","_model_module_version":"2.0.0","_model_name":"HTMLStyleModel","_view_count":null,"_view_module":"@jupyter-widgets/base","_view_module_version":"2.0.0","_view_name":"StyleView","background":null,"description_width":"","font_size":null,"text_color":null}},"e474b23f69b64851a9149d69f84e4616":{"model_module":"@jupyter-widgets/controls","model_module_version":"2.0.0","model_name":"HTMLModel","state":{"_dom_classes":[],"_model_module":"@jupyter-widgets/controls","_model_module_version":"2.0.0","_model_name":"HTMLModel","_view_count":null,"_view_module":"@jupyter-widgets/controls","_view_module_version":"2.0.0","_view_name":"HTMLView","description":"","description_allow_html":false,"layout":"IPY_MODEL_d72edc2d6ebf403a9cf4a2290e1b465d","placeholder":"​","style":"IPY_MODEL_b3d2bb1f1fa24a1c9733743fb0ab223e","tabbable":null,"tooltip":null,"value":"model-00002-of-00002.safetensors: 100%"}},"ea796dba18d343e498a6021fc775038d":{"model_module":"@jupyter-widgets/controls","model_module_version":"2.0.0","model_name":"HTMLModel","state":{"_dom_classes":[],"_model_module":"@jupyter-widgets/controls","_model_module_version":"2.0.0","_model_name":"HTMLModel","_view_count":null,"_view_module":"@jupyter-widgets/controls","_view_module_version":"2.0.0","_view_name":"HTMLView","description":"","description_allow_html":false,"layout":"IPY_MODEL_63c36479afdd48a8a63f05f576e28176","placeholder":"​","style":"IPY_MODEL_392e9e746368450fb9f41a1d167d40be","tabbable":null,"tooltip":null,"value":"Map: 100%"}},"eb86ab9426094e02bba6ee1b3719dc41":{"model_module":"@jupyter-widgets/controls","model_module_version":"2.0.0","model_name":"HTMLModel","state":{"_dom_classes":[],"_model_module":"@jupyter-widgets/controls","_model_module_version":"2.0.0","_model_name":"HTMLModel","_view_count":null,"_view_module":"@jupyter-widgets/controls","_view_module_version":"2.0.0","_view_name":"HTMLView","description":"","description_allow_html":false,"layout":"IPY_MODEL_ddf508dbf6b94983b7eb7b0e7cf82d4d","placeholder":"​","style":"IPY_MODEL_46dc4b96bbf540169dd964837e9811b8","tabbable":null,"tooltip":null,"value":" 116/116 [00:00\u0026lt;00:00, 9.37kB/s]"}},"f16dad2582554a94996760bea4433d4e":{"model_module":"@jupyter-widgets/controls","model_module_version":"2.0.0","model_name":"FloatProgressModel","state":{"_dom_classes":[],"_model_module":"@jupyter-widgets/controls","_model_module_version":"2.0.0","_model_name":"FloatProgressModel","_view_count":null,"_view_module":"@jupyter-widgets/controls","_view_module_version":"2.0.0","_view_name":"ProgressView","bar_style":"success","description":"","description_allow_html":false,"layout":"IPY_MODEL_33f6daa73c8e4f90b397a383a47a466d","max":4540516344,"min":0,"orientation":"horizontal","style":"IPY_MODEL_f1b60ea282ce464e951afda6e0dcfc79","tabbable":null,"tooltip":null,"value":4540516344}},"f1b60ea282ce464e951afda6e0dcfc79":{"model_module":"@jupyter-widgets/controls","model_module_version":"2.0.0","model_name":"ProgressStyleModel","state":{"_model_module":"@jupyter-widgets/controls","_model_module_version":"2.0.0","_model_name":"ProgressStyleModel","_view_count":null,"_view_module":"@jupyter-widgets/base","_view_module_version":"2.0.0","_view_name":"StyleView","bar_color":null,"description_width":""}},"f2284d1807b043a2af4faaa9d7808d83":{"model_module":"@jupyter-widgets/controls","model_module_version":"2.0.0","model_name":"ProgressStyleModel","state":{"_model_module":"@jupyter-widgets/controls","_model_module_version":"2.0.0","_model_name":"ProgressStyleModel","_view_count":null,"_view_module":"@jupyter-widgets/base","_view_module_version":"2.0.0","_view_name":"StyleView","bar_color":null,"description_width":""}},"f266aa46050f4a54b08551044c13f02f":{"model_module":"@jupyter-widgets/controls","model_module_version":"2.0.0","model_name":"HTMLModel","state":{"_dom_classes":[],"_model_module":"@jupyter-widgets/controls","_model_module_version":"2.0.0","_model_name":"HTMLModel","_view_count":null,"_view_module":"@jupyter-widgets/controls","_view_module_version":"2.0.0","_view_name":"HTMLView","description":"","description_allow_html":false,"layout":"IPY_MODEL_2b0cd14e70994d00847a2d2ed848097a","placeholder":"​","style":"IPY_MODEL_792d6241c8314690afbe357a5c342080","tabbable":null,"tooltip":null,"value":" 257/257 [00:00\u0026lt;00:00, 1125.45 examples/s]"}},"f2d7be7f8ccf476da053bbe327c6a878":{"model_module":"@jupyter-widgets/controls","model_module_version":"2.0.0","model_name":"ProgressStyleModel","state":{"_model_module":"@jupyter-widgets/controls","_model_module_version":"2.0.0","_model_name":"ProgressStyleModel","_view_count":null,"_view_module":"@jupyter-widgets/base","_view_module_version":"2.0.0","_view_name":"StyleView","bar_color":null,"description_width":""}},"f36cb79d9d464fb29784bb4f5154cfbc":{"model_module":"@jupyter-widgets/base","model_module_version":"2.0.0","model_name":"LayoutModel","state":{"_model_module":"@jupyter-widgets/base","_model_module_version":"2.0.0","_model_name":"LayoutModel","_view_count":null,"_view_module":"@jupyter-widgets/base","_view_module_version":"2.0.0","_view_name":"LayoutView","align_content":null,"align_items":null,"align_self":null,"border_bottom":null,"border_left":null,"border_right":null,"border_top":null,"bottom":null,"display":null,"flex":null,"flex_flow":null,"grid_area":null,"grid_auto_columns":null,"grid_auto_flow":null,"grid_auto_rows":null,"grid_column":null,"grid_gap":null,"grid_row":null,"grid_template_areas":null,"grid_template_columns":null,"grid_template_rows":null,"height":null,"justify_content":null,"justify_items":null,"left":null,"margin":null,"max_height":null,"max_width":null,"min_height":null,"min_width":null,"object_fit":null,"object_position":null,"order":null,"overflow":null,"padding":null,"right":null,"top":null,"visibility":null,"width":null}},"f47ca5618fd94ca389a59114000b8f38":{"model_module":"@jupyter-widgets/controls","model_module_version":"2.0.0","model_name":"HTMLModel","state":{"_dom_classes":[],"_model_module":"@jupyter-widgets/controls","_model_module_version":"2.0.0","_model_name":"HTMLModel","_view_count":null,"_view_module":"@jupyter-widgets/controls","_view_module_version":"2.0.0","_view_name":"HTMLView","description":"","description_allow_html":false,"layout":"IPY_MODEL_0b670a8b517e4d9ab15564d7019f2803","placeholder":"​","style":"IPY_MODEL_c1209f31158f429a9e1e752e52d6c470","tabbable":null,"tooltip":null,"value":"Downloading shards: 100%"}},"f74d39d9574647c6a20aff0fd282dc72":{"model_module":"@jupyter-widgets/controls","model_module_version":"2.0.0","model_name":"HTMLModel","state":{"_dom_classes":[],"_model_module":"@jupyter-widgets/controls","_model_module_version":"2.0.0","_model_name":"HTMLModel","_view_count":null,"_view_module":"@jupyter-widgets/controls","_view_module_version":"2.0.0","_view_name":"HTMLView","description":"","description_allow_html":false,"layout":"IPY_MODEL_9907e66961504753b780902cbf166d1b","placeholder":"​","style":"IPY_MODEL_be661be46ef14cdf9208aa83d56bdfec","tabbable":null,"tooltip":null,"value":"Map: 100%"}},"f9786ed3cb234be784b52cc7eb44316f":{"model_module":"@jupyter-widgets/controls","model_module_version":"2.0.0","model_name":"FloatProgressModel","state":{"_dom_classes":[],"_model_module":"@jupyter-widgets/controls","_model_module_version":"2.0.0","_model_name":"FloatProgressModel","_view_count":null,"_view_module":"@jupyter-widgets/controls","_view_module_version":"2.0.0","_view_name":"ProgressView","bar_style":"success","description":"","description_allow_html":false,"layout":"IPY_MODEL_11f1420e983e48e6b1b48d2a2335e584","max":35947,"min":0,"orientation":"horizontal","style":"IPY_MODEL_0b8a9e84f60d4db29f57136a748e172b","tabbable":null,"tooltip":null,"value":35947}},"ff0a9adc7a8744b598594c1201d07edd":{"model_module":"@jupyter-widgets/controls","model_module_version":"2.0.0","model_name":"HBoxModel","state":{"_dom_classes":[],"_model_module":"@jupyter-widgets/controls","_model_module_version":"2.0.0","_model_name":"HBoxModel","_view_count":null,"_view_module":"@jupyter-widgets/controls","_view_module_version":"2.0.0","_view_name":"HBoxView","box_style":"","children":["IPY_MODEL_38eeacd2214d406c9dc5cd958780b236","IPY_MODEL_bc72b404fd214b1b858080b75695ba28","IPY_MODEL_4ce44c00c5d74751918e5343107edc57"],"layout":"IPY_MODEL_0df240db017f46dd8f36e791b3cca22d","tabbable":null,"tooltip":null}}}}},"nbformat":4,"nbformat_minor":0}